{"C:\\Users\\SebaOre\\Desktop\\Trabajos\\levelup_react\\src\\components\\atoms\\Button.jsx": {"path":"C:\\Users\\SebaOre\\Desktop\\Trabajos\\levelup_react\\src\\components\\atoms\\Button.jsx","statementMap":{"0":{"start":{"line":4,"column":12},"end":{"line":4,"column":58}},"1":{"start":{"line":5,"column":0},"end":{"line":5,"column":69}}},"fnMap":{"0":{"name":"Button","decl":{"start":{"line":3,"column":24},"end":{"line":3,"column":30}},"loc":{"start":{"line":3,"column":59},"end":{"line":6,"column":1}},"line":3}},"branchMap":{"0":{"loc":{"start":{"line":4,"column":21},"end":{"line":4,"column":57}},"type":"cond-expr","locations":[{"start":{"line":4,"column":42},"end":{"line":4,"column":52}},{"start":{"line":4,"column":55},"end":{"line":4,"column":57}}],"line":4}},"s":{"0":12,"1":12},"f":{"0":12},"b":{"0":[6,6]},"_coverageSchema":"1a1c01bbd47fc00a2c39e90264f33305004495a9","hash":"46d988dd801b1d6921570ecc6fbe477648c2ad1a"}
,"C:\\Users\\SebaOre\\Desktop\\Trabajos\\levelup_react\\src\\components\\atoms\\Price.jsx": {"path":"C:\\Users\\SebaOre\\Desktop\\Trabajos\\levelup_react\\src\\components\\atoms\\Price.jsx","statementMap":{"0":{"start":{"line":4,"column":14},"end":{"line":8,"column":23}},"1":{"start":{"line":10,"column":2},"end":{"line":10,"column":46}}},"fnMap":{"0":{"name":"Price","decl":{"start":{"line":3,"column":24},"end":{"line":3,"column":29}},"loc":{"start":{"line":3,"column":41},"end":{"line":11,"column":1}},"line":3}},"branchMap":{"0":{"loc":{"start":{"line":8,"column":12},"end":{"line":8,"column":22}},"type":"binary-expr","locations":[{"start":{"line":8,"column":12},"end":{"line":8,"column":17}},{"start":{"line":8,"column":21},"end":{"line":8,"column":22}}],"line":8}},"s":{"0":14,"1":14},"f":{"0":14},"b":{"0":[14,0]},"_coverageSchema":"1a1c01bbd47fc00a2c39e90264f33305004495a9","hash":"5ce9e1370282cf62fbae60f50cb8a334ba387185"}
,"C:\\Users\\SebaOre\\Desktop\\Trabajos\\levelup_react\\src\\components\\molecules\\Footer.jsx": {"path":"C:\\Users\\SebaOre\\Desktop\\Trabajos\\levelup_react\\src\\components\\molecules\\Footer.jsx","statementMap":{"0":{"start":{"line":4,"column":2},"end":{"line":8,"column":4}}},"fnMap":{"0":{"name":"Footer","decl":{"start":{"line":3,"column":24},"end":{"line":3,"column":30}},"loc":{"start":{"line":3,"column":33},"end":{"line":9,"column":1}},"line":3}},"branchMap":{},"s":{"0":7},"f":{"0":7},"b":{},"_coverageSchema":"1a1c01bbd47fc00a2c39e90264f33305004495a9","hash":"4862166bec872e5f2af231135d1a081214c54ca4"}
,"C:\\Users\\SebaOre\\Desktop\\Trabajos\\levelup_react\\src\\components\\pages\\Cart.jsx": {"path":"C:\\Users\\SebaOre\\Desktop\\Trabajos\\levelup_react\\src\\components\\pages\\Cart.jsx","statementMap":{"0":{"start":{"line":9,"column":24},"end":{"line":9,"column":77}},"1":{"start":{"line":9,"column":43},"end":{"line":9,"column":77}},"2":{"start":{"line":12,"column":16},"end":{"line":12,"column":31}},"3":{"start":{"line":14,"column":21},"end":{"line":20,"column":12}},"4":{"start":{"line":15,"column":4},"end":{"line":19,"column":10}},"5":{"start":{"line":16,"column":18},"end":{"line":16,"column":37}},"6":{"start":{"line":17,"column":23},"end":{"line":17,"column":50}},"7":{"start":{"line":18,"column":6},"end":{"line":18,"column":45}},"8":{"start":{"line":22,"column":28},"end":{"line":22,"column":42}},"9":{"start":{"line":24,"column":21},"end":{"line":56,"column":3}},"10":{"start":{"line":25,"column":4},"end":{"line":25,"column":29}},"11":{"start":{"line":25,"column":22},"end":{"line":25,"column":29}},"12":{"start":{"line":26,"column":4},"end":{"line":26,"column":28}},"13":{"start":{"line":26,"column":21},"end":{"line":26,"column":28}},"14":{"start":{"line":28,"column":4},"end":{"line":55,"column":5}},"15":{"start":{"line":29,"column":16},"end":{"line":29,"column":64}},"16":{"start":{"line":32,"column":6},"end":{"line":39,"column":7}},"17":{"start":{"line":33,"column":8},"end":{"line":33,"column":40}},"18":{"start":{"line":33,"column":33},"end":{"line":33,"column":40}},"19":{"start":{"line":34,"column":8},"end":{"line":37,"column":11}},"20":{"start":{"line":38,"column":8},"end":{"line":38,"column":15}},"21":{"start":{"line":42,"column":6},"end":{"line":48,"column":9}},"22":{"start":{"line":51,"column":6},"end":{"line":54,"column":9}},"23":{"start":{"line":58,"column":2},"end":{"line":172,"column":4}},"24":{"start":{"line":79,"column":16},"end":{"line":103,"column":21}},"25":{"start":{"line":93,"column":39},"end":{"line":93,"column":72}},"26":{"start":{"line":101,"column":43},"end":{"line":101,"column":60}},"27":{"start":{"line":131,"column":25},"end":{"line":131,"column":39}},"28":{"start":{"line":142,"column":28},"end":{"line":142,"column":47}},"29":{"start":{"line":164,"column":53},"end":{"line":164,"column":67}}},"fnMap":{"0":{"name":"(anonymous_0)","decl":{"start":{"line":9,"column":24},"end":{"line":9,"column":25}},"loc":{"start":{"line":9,"column":43},"end":{"line":9,"column":77}},"line":9},"1":{"name":"Cart","decl":{"start":{"line":11,"column":24},"end":{"line":11,"column":28}},"loc":{"start":{"line":11,"column":89},"end":{"line":173,"column":1}},"line":11},"2":{"name":"(anonymous_2)","decl":{"start":{"line":14,"column":29},"end":{"line":14,"column":30}},"loc":{"start":{"line":14,"column":35},"end":{"line":20,"column":3}},"line":14},"3":{"name":"(anonymous_3)","decl":{"start":{"line":15,"column":23},"end":{"line":15,"column":24}},"loc":{"start":{"line":15,"column":36},"end":{"line":19,"column":5}},"line":15},"4":{"name":"(anonymous_4)","decl":{"start":{"line":24,"column":21},"end":{"line":24,"column":22}},"loc":{"start":{"line":24,"column":33},"end":{"line":56,"column":3}},"line":24},"5":{"name":"(anonymous_5)","decl":{"start":{"line":78,"column":24},"end":{"line":78,"column":25}},"loc":{"start":{"line":79,"column":16},"end":{"line":103,"column":21}},"line":79},"6":{"name":"(anonymous_6)","decl":{"start":{"line":93,"column":32},"end":{"line":93,"column":33}},"loc":{"start":{"line":93,"column":39},"end":{"line":93,"column":72}},"line":93},"7":{"name":"(anonymous_7)","decl":{"start":{"line":101,"column":37},"end":{"line":101,"column":38}},"loc":{"start":{"line":101,"column":43},"end":{"line":101,"column":60}},"line":101},"8":{"name":"(anonymous_8)","decl":{"start":{"line":131,"column":19},"end":{"line":131,"column":20}},"loc":{"start":{"line":131,"column":25},"end":{"line":131,"column":39}},"line":131},"9":{"name":"(anonymous_9)","decl":{"start":{"line":142,"column":21},"end":{"line":142,"column":22}},"loc":{"start":{"line":142,"column":28},"end":{"line":142,"column":47}},"line":142},"10":{"name":"(anonymous_10)","decl":{"start":{"line":164,"column":47},"end":{"line":164,"column":48}},"loc":{"start":{"line":164,"column":53},"end":{"line":164,"column":67}},"line":164}},"branchMap":{"0":{"loc":{"start":{"line":9,"column":25},"end":{"line":9,"column":38}},"type":"default-arg","locations":[{"start":{"line":9,"column":37},"end":{"line":9,"column":38}}],"line":9},"1":{"loc":{"start":{"line":16,"column":25},"end":{"line":16,"column":36}},"type":"binary-expr","locations":[{"start":{"line":16,"column":25},"end":{"line":16,"column":31}},{"start":{"line":16,"column":35},"end":{"line":16,"column":36}}],"line":16},"2":{"loc":{"start":{"line":17,"column":36},"end":{"line":17,"column":49}},"type":"binary-expr","locations":[{"start":{"line":17,"column":36},"end":{"line":17,"column":44}},{"start":{"line":17,"column":48},"end":{"line":17,"column":49}}],"line":17},"3":{"loc":{"start":{"line":25,"column":4},"end":{"line":25,"column":29}},"type":"if","locations":[{"start":{"line":25,"column":4},"end":{"line":25,"column":29}},{"start":{},"end":{}}],"line":25},"4":{"loc":{"start":{"line":26,"column":4},"end":{"line":26,"column":28}},"type":"if","locations":[{"start":{"line":26,"column":4},"end":{"line":26,"column":28}},{"start":{},"end":{}}],"line":26},"5":{"loc":{"start":{"line":32,"column":6},"end":{"line":39,"column":7}},"type":"if","locations":[{"start":{"line":32,"column":6},"end":{"line":39,"column":7}},{"start":{},"end":{}}],"line":32},"6":{"loc":{"start":{"line":32,"column":10},"end":{"line":32,"column":29}},"type":"binary-expr","locations":[{"start":{"line":32,"column":10},"end":{"line":32,"column":11}},{"start":{"line":32,"column":15},"end":{"line":32,"column":29}}],"line":32},"7":{"loc":{"start":{"line":33,"column":8},"end":{"line":33,"column":40}},"type":"if","locations":[{"start":{"line":33,"column":8},"end":{"line":33,"column":40}},{"start":{},"end":{}}],"line":33},"8":{"loc":{"start":{"line":36,"column":19},"end":{"line":36,"column":61}},"type":"binary-expr","locations":[{"start":{"line":36,"column":19},"end":{"line":36,"column":24}},{"start":{"line":36,"column":28},"end":{"line":36,"column":61}}],"line":36},"9":{"loc":{"start":{"line":61,"column":7},"end":{"line":124,"column":7}},"type":"cond-expr","locations":[{"start":{"line":62,"column":8},"end":{"line":62,"column":46}},{"start":{"line":64,"column":8},"end":{"line":123,"column":11}}],"line":61},"10":{"loc":{"start":{"line":92,"column":29},"end":{"line":92,"column":40}},"type":"binary-expr","locations":[{"start":{"line":92,"column":29},"end":{"line":92,"column":35}},{"start":{"line":92,"column":39},"end":{"line":92,"column":40}}],"line":92},"11":{"loc":{"start":{"line":98,"column":35},"end":{"line":98,"column":46}},"type":"binary-expr","locations":[{"start":{"line":98,"column":35},"end":{"line":98,"column":41}},{"start":{"line":98,"column":45},"end":{"line":98,"column":46}}],"line":98},"12":{"loc":{"start":{"line":127,"column":7},"end":{"line":170,"column":7}},"type":"binary-expr","locations":[{"start":{"line":127,"column":7},"end":{"line":127,"column":12}},{"start":{"line":128,"column":8},"end":{"line":169,"column":14}}],"line":127}},"s":{"0":1,"1":4,"2":2,"3":2,"4":2,"5":4,"6":4,"7":4,"8":2,"9":2,"10":0,"11":0,"12":0,"13":0,"14":0,"15":0,"16":0,"17":0,"18":0,"19":0,"20":0,"21":0,"22":0,"23":2,"24":4,"25":0,"26":0,"27":0,"28":0,"29":0},"f":{"0":4,"1":2,"2":2,"3":4,"4":0,"5":4,"6":0,"7":0,"8":0,"9":0,"10":0},"b":{"0":[0],"1":[4,0],"2":[4,0],"3":[0,0],"4":[0,0],"5":[0,0],"6":[0,0],"7":[0,0],"8":[0,0],"9":[0,2],"10":[4,0],"11":[4,0],"12":[2,0]},"_coverageSchema":"1a1c01bbd47fc00a2c39e90264f33305004495a9","hash":"8204256cf7958b760ac828c66ba440269d9ce790"}
,"C:\\Users\\SebaOre\\Desktop\\Trabajos\\levelup_react\\src\\components\\pages\\Home.jsx": {"path":"C:\\Users\\SebaOre\\Desktop\\Trabajos\\levelup_react\\src\\components\\pages\\Home.jsx","statementMap":{"0":{"start":{"line":14,"column":34},"end":{"line":14,"column":46}},"1":{"start":{"line":15,"column":28},"end":{"line":15,"column":40}},"2":{"start":{"line":16,"column":34},"end":{"line":16,"column":49}},"3":{"start":{"line":17,"column":38},"end":{"line":17,"column":52}},"4":{"start":{"line":18,"column":19},"end":{"line":18,"column":32}},"5":{"start":{"line":21,"column":2},"end":{"line":30,"column":9}},"6":{"start":{"line":22,"column":4},"end":{"line":29,"column":9}},"7":{"start":{"line":24,"column":8},"end":{"line":24,"column":26}},"8":{"start":{"line":27,"column":8},"end":{"line":27,"column":56}},"9":{"start":{"line":28,"column":8},"end":{"line":28,"column":24}},"10":{"start":{"line":33,"column":19},"end":{"line":40,"column":4}},"11":{"start":{"line":34,"column":25},"end":{"line":34,"column":75}},"12":{"start":{"line":37,"column":28},"end":{"line":37,"column":74}},"13":{"start":{"line":39,"column":4},"end":{"line":39,"column":43}},"14":{"start":{"line":43,"column":25},"end":{"line":48,"column":3}},"15":{"start":{"line":44,"column":4},"end":{"line":44,"column":19}},"16":{"start":{"line":45,"column":4},"end":{"line":47,"column":5}},"17":{"start":{"line":46,"column":6},"end":{"line":46,"column":58}},"18":{"start":{"line":50,"column":2},"end":{"line":128,"column":4}},"19":{"start":{"line":64,"column":29},"end":{"line":64,"column":53}},"20":{"start":{"line":71,"column":29},"end":{"line":71,"column":56}},"21":{"start":{"line":105,"column":25},"end":{"line":105,"column":44}},"22":{"start":{"line":112,"column":26},"end":{"line":112,"column":45}},"23":{"start":{"line":121,"column":53},"end":{"line":121,"column":72}},"24":{"start":{"line":122,"column":60},"end":{"line":122,"column":77}}},"fnMap":{"0":{"name":"Home","decl":{"start":{"line":13,"column":24},"end":{"line":13,"column":28}},"loc":{"start":{"line":13,"column":40},"end":{"line":129,"column":1}},"line":13},"1":{"name":"(anonymous_1)","decl":{"start":{"line":21,"column":12},"end":{"line":21,"column":13}},"loc":{"start":{"line":21,"column":18},"end":{"line":30,"column":3}},"line":21},"2":{"name":"(anonymous_2)","decl":{"start":{"line":23,"column":12},"end":{"line":23,"column":13}},"loc":{"start":{"line":23,"column":22},"end":{"line":25,"column":7}},"line":23},"3":{"name":"(anonymous_3)","decl":{"start":{"line":26,"column":13},"end":{"line":26,"column":14}},"loc":{"start":{"line":26,"column":22},"end":{"line":29,"column":7}},"line":26},"4":{"name":"(anonymous_4)","decl":{"start":{"line":33,"column":35},"end":{"line":33,"column":36}},"loc":{"start":{"line":33,"column":42},"end":{"line":40,"column":3}},"line":33},"5":{"name":"(anonymous_5)","decl":{"start":{"line":43,"column":25},"end":{"line":43,"column":26}},"loc":{"start":{"line":43,"column":38},"end":{"line":48,"column":3}},"line":43},"6":{"name":"(anonymous_6)","decl":{"start":{"line":64,"column":22},"end":{"line":64,"column":23}},"loc":{"start":{"line":64,"column":29},"end":{"line":64,"column":53}},"line":64},"7":{"name":"(anonymous_7)","decl":{"start":{"line":71,"column":22},"end":{"line":71,"column":23}},"loc":{"start":{"line":71,"column":29},"end":{"line":71,"column":56}},"line":71},"8":{"name":"(anonymous_8)","decl":{"start":{"line":105,"column":19},"end":{"line":105,"column":20}},"loc":{"start":{"line":105,"column":25},"end":{"line":105,"column":44}},"line":105},"9":{"name":"(anonymous_9)","decl":{"start":{"line":112,"column":21},"end":{"line":112,"column":22}},"loc":{"start":{"line":112,"column":26},"end":{"line":112,"column":45}},"line":112},"10":{"name":"(anonymous_10)","decl":{"start":{"line":121,"column":47},"end":{"line":121,"column":48}},"loc":{"start":{"line":121,"column":53},"end":{"line":121,"column":72}},"line":121},"11":{"name":"(anonymous_11)","decl":{"start":{"line":122,"column":54},"end":{"line":122,"column":55}},"loc":{"start":{"line":122,"column":60},"end":{"line":122,"column":77}},"line":122}},"branchMap":{"0":{"loc":{"start":{"line":37,"column":28},"end":{"line":37,"column":74}},"type":"binary-expr","locations":[{"start":{"line":37,"column":28},"end":{"line":37,"column":46}},{"start":{"line":37,"column":50},"end":{"line":37,"column":74}}],"line":37},"1":{"loc":{"start":{"line":39,"column":11},"end":{"line":39,"column":42}},"type":"binary-expr","locations":[{"start":{"line":39,"column":11},"end":{"line":39,"column":23}},{"start":{"line":39,"column":27},"end":{"line":39,"column":42}}],"line":39},"2":{"loc":{"start":{"line":45,"column":4},"end":{"line":47,"column":5}},"type":"if","locations":[{"start":{"line":45,"column":4},"end":{"line":47,"column":5}},{"start":{},"end":{}}],"line":45},"3":{"loc":{"start":{"line":101,"column":7},"end":{"line":126,"column":7}},"type":"binary-expr","locations":[{"start":{"line":101,"column":7},"end":{"line":101,"column":17}},{"start":{"line":102,"column":8},"end":{"line":125,"column":14}}],"line":101}},"s":{"0":12,"1":12,"2":12,"3":12,"4":12,"5":12,"6":5,"7":5,"8":0,"9":0,"10":12,"11":10,"12":10,"13":10,"14":12,"15":2,"16":2,"17":1,"18":12,"19":1,"20":1,"21":0,"22":0,"23":0,"24":0},"f":{"0":12,"1":5,"2":5,"3":0,"4":10,"5":2,"6":1,"7":1,"8":0,"9":0,"10":0,"11":0},"b":{"0":[10,2],"1":[10,9],"2":[1,1],"3":[12,1]},"_coverageSchema":"1a1c01bbd47fc00a2c39e90264f33305004495a9","hash":"e9eea0eb66ae0c21577eef0f2d97ff6e89c69da2"}
,"C:\\Users\\SebaOre\\Desktop\\Trabajos\\levelup_react\\src\\components\\pages\\ProductDetail.jsx": {"path":"C:\\Users\\SebaOre\\Desktop\\Trabajos\\levelup_react\\src\\components\\pages\\ProductDetail.jsx","statementMap":{"0":{"start":{"line":12,"column":16},"end":{"line":12,"column":28}},"1":{"start":{"line":15,"column":2},"end":{"line":21,"column":3}},"2":{"start":{"line":16,"column":16},"end":{"line":16,"column":45}},"3":{"start":{"line":17,"column":16},"end":{"line":17,"column":42}},"4":{"start":{"line":18,"column":4},"end":{"line":18,"column":53}},"5":{"start":{"line":20,"column":4},"end":{"line":20,"column":14}},"6":{"start":{"line":25,"column":2},"end":{"line":25,"column":76}},"7":{"start":{"line":25,"column":8},"end":{"line":25,"column":65}},"8":{"start":{"line":29,"column":14},"end":{"line":29,"column":16}},"9":{"start":{"line":30,"column":2},"end":{"line":30,"column":48}},"10":{"start":{"line":30,"column":15},"end":{"line":30,"column":16}},"11":{"start":{"line":30,"column":31},"end":{"line":30,"column":48}},"12":{"start":{"line":31,"column":2},"end":{"line":31,"column":13}},"13":{"start":{"line":35,"column":19},"end":{"line":35,"column":30}},"14":{"start":{"line":36,"column":19},"end":{"line":36,"column":32}},"15":{"start":{"line":37,"column":15},"end":{"line":37,"column":31}},"16":{"start":{"line":40,"column":32},"end":{"line":40,"column":46}},"17":{"start":{"line":41,"column":32},"end":{"line":41,"column":44}},"18":{"start":{"line":43,"column":2},"end":{"line":58,"column":13}},"19":{"start":{"line":44,"column":4},"end":{"line":57,"column":5}},"20":{"start":{"line":45,"column":6},"end":{"line":56,"column":39}},"21":{"start":{"line":47,"column":10},"end":{"line":47,"column":27}},"22":{"start":{"line":50,"column":24},"end":{"line":50,"column":61}},"23":{"start":{"line":51,"column":10},"end":{"line":51,"column":28}},"24":{"start":{"line":54,"column":10},"end":{"line":54,"column":58}},"25":{"start":{"line":56,"column":21},"end":{"line":56,"column":37}},"26":{"start":{"line":61,"column":38},"end":{"line":61,"column":52}},"27":{"start":{"line":64,"column":38},"end":{"line":64,"column":67}},"28":{"start":{"line":64,"column":53},"end":{"line":64,"column":66}},"29":{"start":{"line":65,"column":18},"end":{"line":65,"column":75}},"30":{"start":{"line":65,"column":32},"end":{"line":65,"column":54}},"31":{"start":{"line":67,"column":14},"end":{"line":71,"column":15}},"32":{"start":{"line":68,"column":4},"end":{"line":68,"column":34}},"33":{"start":{"line":68,"column":25},"end":{"line":68,"column":34}},"34":{"start":{"line":69,"column":14},"end":{"line":69,"column":72}},"35":{"start":{"line":69,"column":41},"end":{"line":69,"column":68}},"36":{"start":{"line":70,"column":4},"end":{"line":70,"column":54}},"37":{"start":{"line":73,"column":30},"end":{"line":73,"column":41}},"38":{"start":{"line":74,"column":28},"end":{"line":74,"column":39}},"39":{"start":{"line":75,"column":26},"end":{"line":75,"column":38}},"40":{"start":{"line":77,"column":2},"end":{"line":81,"column":13}},"41":{"start":{"line":78,"column":4},"end":{"line":78,"column":17}},"42":{"start":{"line":79,"column":4},"end":{"line":79,"column":16}},"43":{"start":{"line":80,"column":4},"end":{"line":80,"column":16}},"44":{"start":{"line":84,"column":4},"end":{"line":84,"column":23}},"45":{"start":{"line":85,"column":14},"end":{"line":85,"column":28}},"46":{"start":{"line":86,"column":14},"end":{"line":86,"column":39}},"47":{"start":{"line":87,"column":4},"end":{"line":87,"column":37}},"48":{"start":{"line":87,"column":30},"end":{"line":87,"column":37}},"49":{"start":{"line":88,"column":4},"end":{"line":88,"column":19}},"50":{"start":{"line":88,"column":12},"end":{"line":88,"column":19}},"51":{"start":{"line":90,"column":16},"end":{"line":90,"column":29}},"52":{"start":{"line":91,"column":17},"end":{"line":91,"column":66}},"53":{"start":{"line":92,"column":16},"end":{"line":92,"column":26}},"54":{"start":{"line":93,"column":4},"end":{"line":99,"column":7}},"55":{"start":{"line":100,"column":4},"end":{"line":100,"column":21}},"56":{"start":{"line":101,"column":4},"end":{"line":101,"column":24}},"57":{"start":{"line":102,"column":4},"end":{"line":102,"column":23}},"58":{"start":{"line":104,"column":4},"end":{"line":104,"column":17}},"59":{"start":{"line":105,"column":4},"end":{"line":105,"column":16}},"60":{"start":{"line":106,"column":4},"end":{"line":106,"column":16}},"61":{"start":{"line":110,"column":2},"end":{"line":120,"column":3}},"62":{"start":{"line":111,"column":4},"end":{"line":119,"column":6}},"63":{"start":{"line":123,"column":2},"end":{"line":334,"column":4}},"64":{"start":{"line":137,"column":16},"end":{"line":143,"column":18}},"65":{"start":{"line":142,"column":33},"end":{"line":142,"column":48}},"66":{"start":{"line":165,"column":18},"end":{"line":165,"column":83}},"67":{"start":{"line":191,"column":18},"end":{"line":191,"column":33}},"68":{"start":{"line":192,"column":18},"end":{"line":194,"column":19}},"69":{"start":{"line":193,"column":20},"end":{"line":193,"column":72}},"70":{"start":{"line":223,"column":31},"end":{"line":223,"column":53}},"71":{"start":{"line":224,"column":16},"end":{"line":242,"column":18}},"72":{"start":{"line":228,"column":40},"end":{"line":228,"column":51}},"73":{"start":{"line":229,"column":40},"end":{"line":229,"column":51}},"74":{"start":{"line":230,"column":35},"end":{"line":230,"column":47}},"75":{"start":{"line":255,"column":31},"end":{"line":255,"column":54}},"76":{"start":{"line":277,"column":14},"end":{"line":290,"column":19}},"77":{"start":{"line":281,"column":22},"end":{"line":281,"column":85}},"78":{"start":{"line":303,"column":25},"end":{"line":303,"column":44}},"79":{"start":{"line":314,"column":28},"end":{"line":314,"column":47}},"80":{"start":{"line":327,"column":53},"end":{"line":327,"column":72}},"81":{"start":{"line":328,"column":60},"end":{"line":328,"column":77}}},"fnMap":{"0":{"name":"loadReviews","decl":{"start":{"line":14,"column":9},"end":{"line":14,"column":20}},"loc":{"start":{"line":14,"column":23},"end":{"line":22,"column":1}},"line":14},"1":{"name":"persistReviews","decl":{"start":{"line":24,"column":9},"end":{"line":24,"column":23}},"loc":{"start":{"line":24,"column":29},"end":{"line":26,"column":1}},"line":24},"2":{"name":"stars","decl":{"start":{"line":28,"column":9},"end":{"line":28,"column":14}},"loc":{"start":{"line":28,"column":22},"end":{"line":32,"column":1}},"line":28},"3":{"name":"ProductDetail","decl":{"start":{"line":34,"column":24},"end":{"line":34,"column":37}},"loc":{"start":{"line":34,"column":49},"end":{"line":335,"column":1}},"line":34},"4":{"name":"(anonymous_4)","decl":{"start":{"line":43,"column":12},"end":{"line":43,"column":13}},"loc":{"start":{"line":43,"column":18},"end":{"line":58,"column":3}},"line":43},"5":{"name":"(anonymous_5)","decl":{"start":{"line":46,"column":14},"end":{"line":46,"column":15}},"loc":{"start":{"line":46,"column":24},"end":{"line":55,"column":9}},"line":46},"6":{"name":"(anonymous_6)","decl":{"start":{"line":56,"column":15},"end":{"line":56,"column":16}},"loc":{"start":{"line":56,"column":21},"end":{"line":56,"column":37}},"line":56},"7":{"name":"(anonymous_7)","decl":{"start":{"line":64,"column":47},"end":{"line":64,"column":48}},"loc":{"start":{"line":64,"column":53},"end":{"line":64,"column":66}},"line":64},"8":{"name":"(anonymous_8)","decl":{"start":{"line":65,"column":26},"end":{"line":65,"column":27}},"loc":{"start":{"line":65,"column":32},"end":{"line":65,"column":54}},"line":65},"9":{"name":"(anonymous_9)","decl":{"start":{"line":67,"column":22},"end":{"line":67,"column":23}},"loc":{"start":{"line":67,"column":28},"end":{"line":71,"column":3}},"line":67},"10":{"name":"(anonymous_10)","decl":{"start":{"line":69,"column":29},"end":{"line":69,"column":30}},"loc":{"start":{"line":69,"column":41},"end":{"line":69,"column":68}},"line":69},"11":{"name":"(anonymous_11)","decl":{"start":{"line":77,"column":12},"end":{"line":77,"column":13}},"loc":{"start":{"line":77,"column":18},"end":{"line":81,"column":3}},"line":77},"12":{"name":"submitReview","decl":{"start":{"line":83,"column":11},"end":{"line":83,"column":23}},"loc":{"start":{"line":83,"column":27},"end":{"line":107,"column":3}},"line":83},"13":{"name":"(anonymous_13)","decl":{"start":{"line":136,"column":35},"end":{"line":136,"column":36}},"loc":{"start":{"line":137,"column":16},"end":{"line":143,"column":18}},"line":137},"14":{"name":"(anonymous_14)","decl":{"start":{"line":142,"column":27},"end":{"line":142,"column":28}},"loc":{"start":{"line":142,"column":33},"end":{"line":142,"column":48}},"line":142},"15":{"name":"(anonymous_15)","decl":{"start":{"line":164,"column":44},"end":{"line":164,"column":45}},"loc":{"start":{"line":165,"column":18},"end":{"line":165,"column":83}},"line":165},"16":{"name":"(anonymous_16)","decl":{"start":{"line":190,"column":25},"end":{"line":190,"column":26}},"loc":{"start":{"line":190,"column":31},"end":{"line":195,"column":17}},"line":190},"17":{"name":"(anonymous_17)","decl":{"start":{"line":222,"column":35},"end":{"line":222,"column":36}},"loc":{"start":{"line":222,"column":42},"end":{"line":243,"column":15}},"line":222},"18":{"name":"(anonymous_18)","decl":{"start":{"line":228,"column":34},"end":{"line":228,"column":35}},"loc":{"start":{"line":228,"column":40},"end":{"line":228,"column":51}},"line":228},"19":{"name":"(anonymous_19)","decl":{"start":{"line":229,"column":34},"end":{"line":229,"column":35}},"loc":{"start":{"line":229,"column":40},"end":{"line":229,"column":51}},"line":229},"20":{"name":"(anonymous_20)","decl":{"start":{"line":230,"column":29},"end":{"line":230,"column":30}},"loc":{"start":{"line":230,"column":35},"end":{"line":230,"column":47}},"line":230},"21":{"name":"(anonymous_21)","decl":{"start":{"line":255,"column":24},"end":{"line":255,"column":25}},"loc":{"start":{"line":255,"column":31},"end":{"line":255,"column":54}},"line":255},"22":{"name":"(anonymous_22)","decl":{"start":{"line":276,"column":25},"end":{"line":276,"column":26}},"loc":{"start":{"line":277,"column":14},"end":{"line":290,"column":19}},"line":277},"23":{"name":"(anonymous_23)","decl":{"start":{"line":280,"column":41},"end":{"line":280,"column":42}},"loc":{"start":{"line":281,"column":22},"end":{"line":281,"column":85}},"line":281},"24":{"name":"(anonymous_24)","decl":{"start":{"line":303,"column":19},"end":{"line":303,"column":20}},"loc":{"start":{"line":303,"column":25},"end":{"line":303,"column":44}},"line":303},"25":{"name":"(anonymous_25)","decl":{"start":{"line":314,"column":21},"end":{"line":314,"column":22}},"loc":{"start":{"line":314,"column":28},"end":{"line":314,"column":47}},"line":314},"26":{"name":"(anonymous_26)","decl":{"start":{"line":327,"column":47},"end":{"line":327,"column":48}},"loc":{"start":{"line":327,"column":53},"end":{"line":327,"column":72}},"line":327},"27":{"name":"(anonymous_27)","decl":{"start":{"line":328,"column":54},"end":{"line":328,"column":55}},"loc":{"start":{"line":328,"column":60},"end":{"line":328,"column":77}},"line":328}},"branchMap":{"0":{"loc":{"start":{"line":17,"column":16},"end":{"line":17,"column":42}},"type":"cond-expr","locations":[{"start":{"line":17,"column":22},"end":{"line":17,"column":37}},{"start":{"line":17,"column":40},"end":{"line":17,"column":42}}],"line":17},"1":{"loc":{"start":{"line":18,"column":11},"end":{"line":18,"column":52}},"type":"cond-expr","locations":[{"start":{"line":18,"column":44},"end":{"line":18,"column":47}},{"start":{"line":18,"column":50},"end":{"line":18,"column":52}}],"line":18},"2":{"loc":{"start":{"line":18,"column":11},"end":{"line":18,"column":41}},"type":"binary-expr","locations":[{"start":{"line":18,"column":11},"end":{"line":18,"column":34}},{"start":{"line":18,"column":38},"end":{"line":18,"column":41}}],"line":18},"3":{"loc":{"start":{"line":25,"column":53},"end":{"line":25,"column":62}},"type":"binary-expr","locations":[{"start":{"line":25,"column":53},"end":{"line":25,"column":56}},{"start":{"line":25,"column":60},"end":{"line":25,"column":62}}],"line":25},"4":{"loc":{"start":{"line":28,"column":15},"end":{"line":28,"column":20}},"type":"default-arg","locations":[{"start":{"line":28,"column":19},"end":{"line":28,"column":20}}],"line":28},"5":{"loc":{"start":{"line":44,"column":4},"end":{"line":57,"column":5}},"type":"if","locations":[{"start":{"line":44,"column":4},"end":{"line":57,"column":5}},{"start":{},"end":{}}],"line":44},"6":{"loc":{"start":{"line":50,"column":24},"end":{"line":50,"column":61}},"type":"binary-expr","locations":[{"start":{"line":50,"column":25},"end":{"line":50,"column":36}},{"start":{"line":50,"column":40},"end":{"line":50,"column":54}},{"start":{"line":50,"column":59},"end":{"line":50,"column":61}}],"line":50},"7":{"loc":{"start":{"line":65,"column":32},"end":{"line":65,"column":54}},"type":"binary-expr","locations":[{"start":{"line":65,"column":32},"end":{"line":65,"column":48}},{"start":{"line":65,"column":52},"end":{"line":65,"column":54}}],"line":65},"8":{"loc":{"start":{"line":68,"column":4},"end":{"line":68,"column":34}},"type":"if","locations":[{"start":{"line":68,"column":4},"end":{"line":68,"column":34}},{"start":{},"end":{}}],"line":68},"9":{"loc":{"start":{"line":69,"column":54},"end":{"line":69,"column":67}},"type":"binary-expr","locations":[{"start":{"line":69,"column":54},"end":{"line":69,"column":62}},{"start":{"line":69,"column":66},"end":{"line":69,"column":67}}],"line":69},"10":{"loc":{"start":{"line":86,"column":21},"end":{"line":86,"column":31}},"type":"binary-expr","locations":[{"start":{"line":86,"column":21},"end":{"line":86,"column":25}},{"start":{"line":86,"column":29},"end":{"line":86,"column":31}}],"line":86},"11":{"loc":{"start":{"line":87,"column":4},"end":{"line":87,"column":37}},"type":"if","locations":[{"start":{"line":87,"column":4},"end":{"line":87,"column":37}},{"start":{},"end":{}}],"line":87},"12":{"loc":{"start":{"line":87,"column":8},"end":{"line":87,"column":28}},"type":"binary-expr","locations":[{"start":{"line":87,"column":8},"end":{"line":87,"column":10}},{"start":{"line":87,"column":14},"end":{"line":87,"column":19}},{"start":{"line":87,"column":23},"end":{"line":87,"column":28}}],"line":87},"13":{"loc":{"start":{"line":88,"column":4},"end":{"line":88,"column":19}},"type":"if","locations":[{"start":{"line":88,"column":4},"end":{"line":88,"column":19}},{"start":{},"end":{}}],"line":88},"14":{"loc":{"start":{"line":91,"column":17},"end":{"line":91,"column":66}},"type":"cond-expr","locations":[{"start":{"line":91,"column":44},"end":{"line":91,"column":61}},{"start":{"line":91,"column":64},"end":{"line":91,"column":66}}],"line":91},"15":{"loc":{"start":{"line":95,"column":14},"end":{"line":95,"column":37}},"type":"binary-expr","locations":[{"start":{"line":95,"column":14},"end":{"line":95,"column":24}},{"start":{"line":95,"column":28},"end":{"line":95,"column":37}}],"line":95},"16":{"loc":{"start":{"line":110,"column":2},"end":{"line":120,"column":3}},"type":"if","locations":[{"start":{"line":110,"column":2},"end":{"line":120,"column":3}},{"start":{},"end":{}}],"line":110},"17":{"loc":{"start":{"line":141,"column":29},"end":{"line":141,"column":60}},"type":"cond-expr","locations":[{"start":{"line":141,"column":47},"end":{"line":141,"column":55}},{"start":{"line":141,"column":58},"end":{"line":141,"column":60}}],"line":141},"18":{"loc":{"start":{"line":165,"column":53},"end":{"line":165,"column":79}},"type":"cond-expr","locations":[{"start":{"line":165,"column":58},"end":{"line":165,"column":67}},{"start":{"line":165,"column":70},"end":{"line":165,"column":79}}],"line":165},"19":{"loc":{"start":{"line":192,"column":18},"end":{"line":194,"column":19}},"type":"if","locations":[{"start":{"line":192,"column":18},"end":{"line":194,"column":19}},{"start":{},"end":{}}],"line":192},"20":{"loc":{"start":{"line":214,"column":28},"end":{"line":214,"column":99}},"type":"cond-expr","locations":[{"start":{"line":214,"column":35},"end":{"line":214,"column":68}},{"start":{"line":214,"column":71},"end":{"line":214,"column":99}}],"line":214},"21":{"loc":{"start":{"line":223,"column":32},"end":{"line":223,"column":47}},"type":"binary-expr","locations":[{"start":{"line":223,"column":32},"end":{"line":223,"column":37}},{"start":{"line":223,"column":41},"end":{"line":223,"column":47}}],"line":223},"22":{"loc":{"start":{"line":240,"column":45},"end":{"line":240,"column":75}},"type":"cond-expr","locations":[{"start":{"line":240,"column":54},"end":{"line":240,"column":63}},{"start":{"line":240,"column":66},"end":{"line":240,"column":75}}],"line":240},"23":{"loc":{"start":{"line":245,"column":17},"end":{"line":245,"column":59}},"type":"cond-expr","locations":[{"start":{"line":245,"column":26},"end":{"line":245,"column":39}},{"start":{"line":245,"column":42},"end":{"line":245,"column":59}}],"line":245},"24":{"loc":{"start":{"line":265,"column":67},"end":{"line":265,"column":90}},"type":"binary-expr","locations":[{"start":{"line":265,"column":67},"end":{"line":265,"column":74}},{"start":{"line":265,"column":78},"end":{"line":265,"column":90}}],"line":265},"25":{"loc":{"start":{"line":272,"column":9},"end":{"line":293,"column":9}},"type":"cond-expr","locations":[{"start":{"line":273,"column":10},"end":{"line":273,"column":79}},{"start":{"line":275,"column":10},"end":{"line":292,"column":15}}],"line":272},"26":{"loc":{"start":{"line":281,"column":55},"end":{"line":281,"column":81}},"type":"cond-expr","locations":[{"start":{"line":281,"column":60},"end":{"line":281,"column":69}},{"start":{"line":281,"column":72},"end":{"line":281,"column":81}}],"line":281},"27":{"loc":{"start":{"line":299,"column":7},"end":{"line":332,"column":7}},"type":"binary-expr","locations":[{"start":{"line":299,"column":7},"end":{"line":299,"column":17}},{"start":{"line":300,"column":8},"end":{"line":331,"column":14}}],"line":299}},"s":{"0":1,"1":3,"2":3,"3":3,"4":3,"5":0,"6":0,"7":0,"8":4,"9":4,"10":4,"11":20,"12":4,"13":7,"14":7,"15":7,"16":7,"17":7,"18":7,"19":3,"20":3,"21":3,"22":3,"23":3,"24":3,"25":0,"26":7,"27":7,"28":3,"29":7,"30":3,"31":7,"32":3,"33":3,"34":0,"35":0,"36":0,"37":7,"38":7,"39":7,"40":7,"41":3,"42":3,"43":3,"44":0,"45":0,"46":0,"47":0,"48":0,"49":0,"50":0,"51":0,"52":0,"53":0,"54":0,"55":0,"56":0,"57":0,"58":0,"59":0,"60":0,"61":7,"62":3,"63":4,"64":8,"65":0,"66":20,"67":1,"68":1,"69":1,"70":20,"71":20,"72":0,"73":0,"74":0,"75":0,"76":0,"77":0,"78":0,"79":1,"80":0,"81":1},"f":{"0":3,"1":0,"2":4,"3":7,"4":3,"5":3,"6":0,"7":3,"8":3,"9":3,"10":0,"11":3,"12":0,"13":8,"14":0,"15":20,"16":1,"17":20,"18":0,"19":0,"20":0,"21":0,"22":0,"23":0,"24":0,"25":1,"26":0,"27":1},"b":{"0":[0,3],"1":[3,0],"2":[3,3],"3":[0,0],"4":[0],"5":[3,0],"6":[3,3,0],"7":[3,3],"8":[3,0],"9":[0,0],"10":[0,0],"11":[0,0],"12":[0,0,0],"13":[0,0],"14":[0,0],"15":[0,0],"16":[3,4],"17":[4,4],"18":[0,20],"19":[1,0],"20":[4,0],"21":[20,20],"22":[0,20],"23":[0,4],"24":[4,0],"25":[4,0],"26":[0,0],"27":[4,1]},"_coverageSchema":"1a1c01bbd47fc00a2c39e90264f33305004495a9","hash":"fdebf6dccb4363e02c56d1f459e0a5315507392e"}
,"C:\\Users\\SebaOre\\Desktop\\Trabajos\\levelup_react\\src\\utils\\cart.js": {"path":"C:\\Users\\SebaOre\\Desktop\\Trabajos\\levelup_react\\src\\utils\\cart.js","statementMap":{"0":{"start":{"line":3,"column":12},"end":{"line":3,"column":21}},"1":{"start":{"line":6,"column":2},"end":{"line":7,"column":22}},"2":{"start":{"line":6,"column":8},"end":{"line":6,"column":61}},"3":{"start":{"line":7,"column":10},"end":{"line":7,"column":20}},"4":{"start":{"line":11,"column":2},"end":{"line":11,"column":19}},"5":{"start":{"line":15,"column":2},"end":{"line":15,"column":24}},"6":{"start":{"line":18,"column":2},"end":{"line":18,"column":57}},"7":{"start":{"line":22,"column":14},"end":{"line":22,"column":23}},"8":{"start":{"line":23,"column":14},"end":{"line":23,"column":54}},"9":{"start":{"line":23,"column":33},"end":{"line":23,"column":53}},"10":{"start":{"line":24,"column":2},"end":{"line":31,"column":5}},"11":{"start":{"line":24,"column":16},"end":{"line":24,"column":55}},"12":{"start":{"line":25,"column":7},"end":{"line":31,"column":5}},"13":{"start":{"line":32,"column":2},"end":{"line":32,"column":15}},"14":{"start":{"line":33,"column":2},"end":{"line":33,"column":13}},"15":{"start":{"line":37,"column":14},"end":{"line":37,"column":52}},"16":{"start":{"line":37,"column":36},"end":{"line":37,"column":51}},"17":{"start":{"line":38,"column":2},"end":{"line":38,"column":15}},"18":{"start":{"line":39,"column":2},"end":{"line":39,"column":13}},"19":{"start":{"line":43,"column":12},"end":{"line":43,"column":41}},"20":{"start":{"line":44,"column":14},"end":{"line":44,"column":72}},"21":{"start":{"line":44,"column":33},"end":{"line":44,"column":71}},"22":{"start":{"line":45,"column":2},"end":{"line":45,"column":15}},"23":{"start":{"line":46,"column":2},"end":{"line":46,"column":13}},"24":{"start":{"line":49,"column":30},"end":{"line":49,"column":42}},"25":{"start":{"line":49,"column":43},"end":{"line":49,"column":53}},"26":{"start":{"line":52,"column":2},"end":{"line":52,"column":60}},"27":{"start":{"line":52,"column":39},"end":{"line":52,"column":55}},"28":{"start":{"line":56,"column":2},"end":{"line":56,"column":72}},"29":{"start":{"line":56,"column":39},"end":{"line":56,"column":67}}},"fnMap":{"0":{"name":"getCart","decl":{"start":{"line":5,"column":16},"end":{"line":5,"column":23}},"loc":{"start":{"line":5,"column":26},"end":{"line":8,"column":1}},"line":5},"1":{"name":"loadCart","decl":{"start":{"line":10,"column":16},"end":{"line":10,"column":24}},"loc":{"start":{"line":10,"column":27},"end":{"line":12,"column":1}},"line":10},"2":{"name":"persistCart","decl":{"start":{"line":14,"column":16},"end":{"line":14,"column":27}},"loc":{"start":{"line":14,"column":35},"end":{"line":16,"column":1}},"line":14},"3":{"name":"setCart","decl":{"start":{"line":17,"column":16},"end":{"line":17,"column":23}},"loc":{"start":{"line":17,"column":31},"end":{"line":19,"column":1}},"line":17},"4":{"name":"addToCart","decl":{"start":{"line":21,"column":16},"end":{"line":21,"column":25}},"loc":{"start":{"line":21,"column":32},"end":{"line":34,"column":1}},"line":21},"5":{"name":"(anonymous_5)","decl":{"start":{"line":23,"column":28},"end":{"line":23,"column":29}},"loc":{"start":{"line":23,"column":33},"end":{"line":23,"column":53}},"line":23},"6":{"name":"removeFromCart","decl":{"start":{"line":36,"column":16},"end":{"line":36,"column":30}},"loc":{"start":{"line":36,"column":37},"end":{"line":40,"column":1}},"line":36},"7":{"name":"(anonymous_7)","decl":{"start":{"line":37,"column":31},"end":{"line":37,"column":32}},"loc":{"start":{"line":37,"column":36},"end":{"line":37,"column":51}},"line":37},"8":{"name":"setQtyInCart","decl":{"start":{"line":42,"column":16},"end":{"line":42,"column":28}},"loc":{"start":{"line":42,"column":40},"end":{"line":47,"column":1}},"line":42},"9":{"name":"(anonymous_9)","decl":{"start":{"line":44,"column":28},"end":{"line":44,"column":29}},"loc":{"start":{"line":44,"column":33},"end":{"line":44,"column":71}},"line":44},"10":{"name":"clearCart","decl":{"start":{"line":49,"column":16},"end":{"line":49,"column":25}},"loc":{"start":{"line":49,"column":28},"end":{"line":49,"column":55}},"line":49},"11":{"name":"cartCount","decl":{"start":{"line":51,"column":16},"end":{"line":51,"column":25}},"loc":{"start":{"line":51,"column":32},"end":{"line":53,"column":1}},"line":51},"12":{"name":"(anonymous_12)","decl":{"start":{"line":52,"column":29},"end":{"line":52,"column":30}},"loc":{"start":{"line":52,"column":39},"end":{"line":52,"column":55}},"line":52},"13":{"name":"cartTotal","decl":{"start":{"line":55,"column":16},"end":{"line":55,"column":25}},"loc":{"start":{"line":55,"column":32},"end":{"line":57,"column":1}},"line":55},"14":{"name":"(anonymous_14)","decl":{"start":{"line":56,"column":29},"end":{"line":56,"column":30}},"loc":{"start":{"line":56,"column":39},"end":{"line":56,"column":67}},"line":56}},"branchMap":{"0":{"loc":{"start":{"line":6,"column":26},"end":{"line":6,"column":59}},"type":"binary-expr","locations":[{"start":{"line":6,"column":26},"end":{"line":6,"column":51}},{"start":{"line":6,"column":55},"end":{"line":6,"column":59}}],"line":6},"1":{"loc":{"start":{"line":18,"column":43},"end":{"line":18,"column":54}},"type":"binary-expr","locations":[{"start":{"line":18,"column":43},"end":{"line":18,"column":48}},{"start":{"line":18,"column":52},"end":{"line":18,"column":54}}],"line":18},"2":{"loc":{"start":{"line":24,"column":2},"end":{"line":31,"column":5}},"type":"if","locations":[{"start":{"line":24,"column":2},"end":{"line":31,"column":5}},{"start":{"line":25,"column":7},"end":{"line":31,"column":5}}],"line":24},"3":{"loc":{"start":{"line":24,"column":32},"end":{"line":24,"column":49}},"type":"binary-expr","locations":[{"start":{"line":24,"column":32},"end":{"line":24,"column":44}},{"start":{"line":24,"column":48},"end":{"line":24,"column":49}}],"line":24},"4":{"loc":{"start":{"line":29,"column":11},"end":{"line":29,"column":41}},"type":"binary-expr","locations":[{"start":{"line":29,"column":11},"end":{"line":29,"column":27}},{"start":{"line":29,"column":31},"end":{"line":29,"column":41}}],"line":29},"5":{"loc":{"start":{"line":43,"column":24},"end":{"line":43,"column":40}},"type":"binary-expr","locations":[{"start":{"line":43,"column":24},"end":{"line":43,"column":35}},{"start":{"line":43,"column":39},"end":{"line":43,"column":40}}],"line":43},"6":{"loc":{"start":{"line":44,"column":33},"end":{"line":44,"column":71}},"type":"cond-expr","locations":[{"start":{"line":44,"column":51},"end":{"line":44,"column":67}},{"start":{"line":44,"column":70},"end":{"line":44,"column":71}}],"line":44},"7":{"loc":{"start":{"line":52,"column":10},"end":{"line":52,"column":20}},"type":"binary-expr","locations":[{"start":{"line":52,"column":10},"end":{"line":52,"column":14}},{"start":{"line":52,"column":18},"end":{"line":52,"column":20}}],"line":52},"8":{"loc":{"start":{"line":52,"column":44},"end":{"line":52,"column":54}},"type":"binary-expr","locations":[{"start":{"line":52,"column":44},"end":{"line":52,"column":49}},{"start":{"line":52,"column":53},"end":{"line":52,"column":54}}],"line":52},"9":{"loc":{"start":{"line":56,"column":10},"end":{"line":56,"column":20}},"type":"binary-expr","locations":[{"start":{"line":56,"column":10},"end":{"line":56,"column":14}},{"start":{"line":56,"column":18},"end":{"line":56,"column":20}}],"line":56},"10":{"loc":{"start":{"line":56,"column":55},"end":{"line":56,"column":65}},"type":"binary-expr","locations":[{"start":{"line":56,"column":55},"end":{"line":56,"column":60}},{"start":{"line":56,"column":64},"end":{"line":56,"column":65}}],"line":56}},"s":{"0":1,"1":0,"2":0,"3":0,"4":0,"5":0,"6":0,"7":0,"8":0,"9":0,"10":0,"11":0,"12":0,"13":0,"14":0,"15":0,"16":0,"17":0,"18":0,"19":0,"20":0,"21":0,"22":0,"23":0,"24":0,"25":0,"26":0,"27":0,"28":2,"29":4},"f":{"0":0,"1":0,"2":0,"3":0,"4":0,"5":0,"6":0,"7":0,"8":0,"9":0,"10":0,"11":0,"12":0,"13":2,"14":4},"b":{"0":[0,0],"1":[0,0],"2":[0,0],"3":[0,0],"4":[0,0],"5":[0,0],"6":[0,0],"7":[0,0],"8":[0,0],"9":[2,0],"10":[4,0]},"_coverageSchema":"1a1c01bbd47fc00a2c39e90264f33305004495a9","hash":"c0fc9124d1dfedf41411679b6a8f48bf57dcf547"}
}
