{"/home/thomyorke/Documents/GitHub/levelup_react/src/components/atoms/Button.jsx": {"path":"/home/thomyorke/Documents/GitHub/levelup_react/src/components/atoms/Button.jsx","statementMap":{"0":{"start":{"line":4,"column":12},"end":{"line":4,"column":58}},"1":{"start":{"line":5,"column":0},"end":{"line":5,"column":69}}},"fnMap":{"0":{"name":"Button","decl":{"start":{"line":3,"column":24},"end":{"line":3,"column":30}},"loc":{"start":{"line":3,"column":59},"end":{"line":6,"column":1}},"line":3}},"branchMap":{"0":{"loc":{"start":{"line":4,"column":21},"end":{"line":4,"column":57}},"type":"cond-expr","locations":[{"start":{"line":4,"column":42},"end":{"line":4,"column":52}},{"start":{"line":4,"column":55},"end":{"line":4,"column":57}}],"line":4}},"s":{"0":12,"1":12},"f":{"0":12},"b":{"0":[6,6]},"_coverageSchema":"1a1c01bbd47fc00a2c39e90264f33305004495a9","hash":"2fcf24afde6af9468aea657c109bee7f1f82f7e6"}
,"/home/thomyorke/Documents/GitHub/levelup_react/src/components/atoms/Price.jsx": {"path":"/home/thomyorke/Documents/GitHub/levelup_react/src/components/atoms/Price.jsx","statementMap":{"0":{"start":{"line":4,"column":14},"end":{"line":8,"column":23}},"1":{"start":{"line":10,"column":2},"end":{"line":10,"column":46}}},"fnMap":{"0":{"name":"Price","decl":{"start":{"line":3,"column":24},"end":{"line":3,"column":29}},"loc":{"start":{"line":3,"column":41},"end":{"line":11,"column":1}},"line":3}},"branchMap":{"0":{"loc":{"start":{"line":8,"column":12},"end":{"line":8,"column":22}},"type":"binary-expr","locations":[{"start":{"line":8,"column":12},"end":{"line":8,"column":17}},{"start":{"line":8,"column":21},"end":{"line":8,"column":22}}],"line":8}},"s":{"0":14,"1":14},"f":{"0":14},"b":{"0":[14,0]},"_coverageSchema":"1a1c01bbd47fc00a2c39e90264f33305004495a9","hash":"9aca1f441f9cd7207c46dfcd2694fa73d32cb87a"}
,"/home/thomyorke/Documents/GitHub/levelup_react/src/components/molecules/Footer.jsx": {"path":"/home/thomyorke/Documents/GitHub/levelup_react/src/components/molecules/Footer.jsx","statementMap":{"0":{"start":{"line":4,"column":2},"end":{"line":8,"column":4}}},"fnMap":{"0":{"name":"Footer","decl":{"start":{"line":3,"column":24},"end":{"line":3,"column":30}},"loc":{"start":{"line":3,"column":33},"end":{"line":9,"column":1}},"line":3}},"branchMap":{},"s":{"0":4},"f":{"0":4},"b":{},"_coverageSchema":"1a1c01bbd47fc00a2c39e90264f33305004495a9","hash":"16678199971de923b00013cf92d687ec8d4b1bd2"}
,"/home/thomyorke/Documents/GitHub/levelup_react/src/components/pages/Cart.jsx": {"path":"/home/thomyorke/Documents/GitHub/levelup_react/src/components/pages/Cart.jsx","statementMap":{"0":{"start":{"line":10,"column":24},"end":{"line":10,"column":77}},"1":{"start":{"line":10,"column":43},"end":{"line":10,"column":77}},"2":{"start":{"line":13,"column":16},"end":{"line":13,"column":31}},"3":{"start":{"line":16,"column":21},"end":{"line":22,"column":12}},"4":{"start":{"line":17,"column":4},"end":{"line":21,"column":10}},"5":{"start":{"line":18,"column":18},"end":{"line":18,"column":37}},"6":{"start":{"line":19,"column":23},"end":{"line":19,"column":50}},"7":{"start":{"line":20,"column":6},"end":{"line":20,"column":45}},"8":{"start":{"line":24,"column":28},"end":{"line":24,"column":42}},"9":{"start":{"line":26,"column":21},"end":{"line":38,"column":3}},"10":{"start":{"line":27,"column":4},"end":{"line":27,"column":29}},"11":{"start":{"line":27,"column":22},"end":{"line":27,"column":29}},"12":{"start":{"line":28,"column":14},"end":{"line":28,"column":58}},"13":{"start":{"line":29,"column":4},"end":{"line":33,"column":5}},"14":{"start":{"line":30,"column":6},"end":{"line":30,"column":39}},"15":{"start":{"line":30,"column":32},"end":{"line":30,"column":39}},"16":{"start":{"line":31,"column":6},"end":{"line":31,"column":77}},"17":{"start":{"line":32,"column":6},"end":{"line":32,"column":13}},"18":{"start":{"line":34,"column":4},"end":{"line":37,"column":7}},"19":{"start":{"line":40,"column":2},"end":{"line":119,"column":4}},"20":{"start":{"line":56,"column":16},"end":{"line":74,"column":21}},"21":{"start":{"line":66,"column":37},"end":{"line":66,"column":70}},"22":{"start":{"line":72,"column":43},"end":{"line":72,"column":60}},"23":{"start":{"line":96,"column":25},"end":{"line":96,"column":39}},"24":{"start":{"line":103,"column":26},"end":{"line":103,"column":45}},"25":{"start":{"line":113,"column":53},"end":{"line":113,"column":67}}},"fnMap":{"0":{"name":"(anonymous_0)","decl":{"start":{"line":10,"column":24},"end":{"line":10,"column":25}},"loc":{"start":{"line":10,"column":43},"end":{"line":10,"column":77}},"line":10},"1":{"name":"Cart","decl":{"start":{"line":12,"column":24},"end":{"line":12,"column":28}},"loc":{"start":{"line":12,"column":89},"end":{"line":120,"column":1}},"line":12},"2":{"name":"(anonymous_2)","decl":{"start":{"line":16,"column":29},"end":{"line":16,"column":30}},"loc":{"start":{"line":16,"column":35},"end":{"line":22,"column":3}},"line":16},"3":{"name":"(anonymous_3)","decl":{"start":{"line":17,"column":23},"end":{"line":17,"column":24}},"loc":{"start":{"line":17,"column":36},"end":{"line":21,"column":5}},"line":17},"4":{"name":"(anonymous_4)","decl":{"start":{"line":26,"column":21},"end":{"line":26,"column":22}},"loc":{"start":{"line":26,"column":27},"end":{"line":38,"column":3}},"line":26},"5":{"name":"(anonymous_5)","decl":{"start":{"line":55,"column":24},"end":{"line":55,"column":25}},"loc":{"start":{"line":56,"column":16},"end":{"line":74,"column":21}},"line":56},"6":{"name":"(anonymous_6)","decl":{"start":{"line":66,"column":32},"end":{"line":66,"column":33}},"loc":{"start":{"line":66,"column":37},"end":{"line":66,"column":70}},"line":66},"7":{"name":"(anonymous_7)","decl":{"start":{"line":72,"column":37},"end":{"line":72,"column":38}},"loc":{"start":{"line":72,"column":43},"end":{"line":72,"column":60}},"line":72},"8":{"name":"(anonymous_8)","decl":{"start":{"line":96,"column":19},"end":{"line":96,"column":20}},"loc":{"start":{"line":96,"column":25},"end":{"line":96,"column":39}},"line":96},"9":{"name":"(anonymous_9)","decl":{"start":{"line":103,"column":21},"end":{"line":103,"column":22}},"loc":{"start":{"line":103,"column":26},"end":{"line":103,"column":45}},"line":103},"10":{"name":"(anonymous_10)","decl":{"start":{"line":113,"column":47},"end":{"line":113,"column":48}},"loc":{"start":{"line":113,"column":53},"end":{"line":113,"column":67}},"line":113}},"branchMap":{"0":{"loc":{"start":{"line":10,"column":25},"end":{"line":10,"column":38}},"type":"default-arg","locations":[{"start":{"line":10,"column":37},"end":{"line":10,"column":38}}],"line":10},"1":{"loc":{"start":{"line":18,"column":25},"end":{"line":18,"column":36}},"type":"binary-expr","locations":[{"start":{"line":18,"column":25},"end":{"line":18,"column":31}},{"start":{"line":18,"column":35},"end":{"line":18,"column":36}}],"line":18},"2":{"loc":{"start":{"line":19,"column":36},"end":{"line":19,"column":49}},"type":"binary-expr","locations":[{"start":{"line":19,"column":36},"end":{"line":19,"column":44}},{"start":{"line":19,"column":48},"end":{"line":19,"column":49}}],"line":19},"3":{"loc":{"start":{"line":27,"column":4},"end":{"line":27,"column":29}},"type":"if","locations":[{"start":{"line":27,"column":4},"end":{"line":27,"column":29}},{"start":{},"end":{}}],"line":27},"4":{"loc":{"start":{"line":29,"column":4},"end":{"line":33,"column":5}},"type":"if","locations":[{"start":{"line":29,"column":4},"end":{"line":33,"column":5}},{"start":{},"end":{}}],"line":29},"5":{"loc":{"start":{"line":29,"column":8},"end":{"line":29,"column":27}},"type":"binary-expr","locations":[{"start":{"line":29,"column":8},"end":{"line":29,"column":10}},{"start":{"line":29,"column":14},"end":{"line":29,"column":27}}],"line":29},"6":{"loc":{"start":{"line":30,"column":6},"end":{"line":30,"column":39}},"type":"if","locations":[{"start":{"line":30,"column":6},"end":{"line":30,"column":39}},{"start":{},"end":{}}],"line":30},"7":{"loc":{"start":{"line":43,"column":7},"end":{"line":89,"column":7}},"type":"cond-expr","locations":[{"start":{"line":44,"column":8},"end":{"line":44,"column":46}},{"start":{"line":46,"column":8},"end":{"line":88,"column":11}}],"line":43},"8":{"loc":{"start":{"line":65,"column":29},"end":{"line":65,"column":40}},"type":"binary-expr","locations":[{"start":{"line":65,"column":29},"end":{"line":65,"column":35}},{"start":{"line":65,"column":39},"end":{"line":65,"column":40}}],"line":65},"9":{"loc":{"start":{"line":70,"column":37},"end":{"line":70,"column":48}},"type":"binary-expr","locations":[{"start":{"line":70,"column":37},"end":{"line":70,"column":43}},{"start":{"line":70,"column":47},"end":{"line":70,"column":48}}],"line":70},"10":{"loc":{"start":{"line":92,"column":7},"end":{"line":117,"column":7}},"type":"binary-expr","locations":[{"start":{"line":92,"column":7},"end":{"line":92,"column":12}},{"start":{"line":93,"column":8},"end":{"line":116,"column":14}}],"line":92}},"s":{"0":1,"1":4,"2":2,"3":2,"4":2,"5":4,"6":4,"7":4,"8":2,"9":2,"10":0,"11":0,"12":0,"13":0,"14":0,"15":0,"16":0,"17":0,"18":0,"19":2,"20":4,"21":0,"22":0,"23":0,"24":0,"25":0},"f":{"0":4,"1":2,"2":2,"3":4,"4":0,"5":4,"6":0,"7":0,"8":0,"9":0,"10":0},"b":{"0":[0],"1":[4,0],"2":[4,0],"3":[0,0],"4":[0,0],"5":[0,0],"6":[0,0],"7":[0,2],"8":[4,0],"9":[4,0],"10":[2,0]},"_coverageSchema":"1a1c01bbd47fc00a2c39e90264f33305004495a9","hash":"4bb9fbca54412da2bf8ad9430093d6b3404390fd"}
,"/home/thomyorke/Documents/GitHub/levelup_react/src/components/pages/Home.jsx": {"path":"/home/thomyorke/Documents/GitHub/levelup_react/src/components/pages/Home.jsx","statementMap":{"0":{"start":{"line":15,"column":28},"end":{"line":15,"column":40}},"1":{"start":{"line":16,"column":34},"end":{"line":16,"column":49}},"2":{"start":{"line":17,"column":38},"end":{"line":17,"column":52}},"3":{"start":{"line":18,"column":19},"end":{"line":18,"column":32}},"4":{"start":{"line":21,"column":19},"end":{"line":25,"column":4}},"5":{"start":{"line":22,"column":25},"end":{"line":22,"column":75}},"6":{"start":{"line":23,"column":28},"end":{"line":23,"column":73}},"7":{"start":{"line":24,"column":4},"end":{"line":24,"column":43}},"8":{"start":{"line":28,"column":25},"end":{"line":33,"column":3}},"9":{"start":{"line":29,"column":4},"end":{"line":29,"column":19}},"10":{"start":{"line":30,"column":4},"end":{"line":32,"column":5}},"11":{"start":{"line":31,"column":6},"end":{"line":31,"column":58}},"12":{"start":{"line":35,"column":2},"end":{"line":111,"column":4}},"13":{"start":{"line":49,"column":29},"end":{"line":49,"column":53}},"14":{"start":{"line":55,"column":29},"end":{"line":55,"column":56}},"15":{"start":{"line":88,"column":25},"end":{"line":88,"column":44}},"16":{"start":{"line":95,"column":26},"end":{"line":95,"column":45}},"17":{"start":{"line":104,"column":53},"end":{"line":104,"column":72}},"18":{"start":{"line":105,"column":60},"end":{"line":105,"column":77}}},"fnMap":{"0":{"name":"Home","decl":{"start":{"line":14,"column":24},"end":{"line":14,"column":28}},"loc":{"start":{"line":14,"column":40},"end":{"line":112,"column":1}},"line":14},"1":{"name":"(anonymous_1)","decl":{"start":{"line":21,"column":39},"end":{"line":21,"column":40}},"loc":{"start":{"line":21,"column":46},"end":{"line":25,"column":3}},"line":21},"2":{"name":"(anonymous_2)","decl":{"start":{"line":28,"column":25},"end":{"line":28,"column":26}},"loc":{"start":{"line":28,"column":38},"end":{"line":33,"column":3}},"line":28},"3":{"name":"(anonymous_3)","decl":{"start":{"line":49,"column":22},"end":{"line":49,"column":23}},"loc":{"start":{"line":49,"column":29},"end":{"line":49,"column":53}},"line":49},"4":{"name":"(anonymous_4)","decl":{"start":{"line":55,"column":22},"end":{"line":55,"column":23}},"loc":{"start":{"line":55,"column":29},"end":{"line":55,"column":56}},"line":55},"5":{"name":"(anonymous_5)","decl":{"start":{"line":88,"column":19},"end":{"line":88,"column":20}},"loc":{"start":{"line":88,"column":25},"end":{"line":88,"column":44}},"line":88},"6":{"name":"(anonymous_6)","decl":{"start":{"line":95,"column":21},"end":{"line":95,"column":22}},"loc":{"start":{"line":95,"column":26},"end":{"line":95,"column":45}},"line":95},"7":{"name":"(anonymous_7)","decl":{"start":{"line":104,"column":47},"end":{"line":104,"column":48}},"loc":{"start":{"line":104,"column":53},"end":{"line":104,"column":72}},"line":104},"8":{"name":"(anonymous_8)","decl":{"start":{"line":105,"column":54},"end":{"line":105,"column":55}},"loc":{"start":{"line":105,"column":60},"end":{"line":105,"column":77}},"line":105}},"branchMap":{"0":{"loc":{"start":{"line":23,"column":28},"end":{"line":23,"column":73}},"type":"binary-expr","locations":[{"start":{"line":23,"column":28},"end":{"line":23,"column":46}},{"start":{"line":23,"column":50},"end":{"line":23,"column":73}}],"line":23},"1":{"loc":{"start":{"line":24,"column":11},"end":{"line":24,"column":42}},"type":"binary-expr","locations":[{"start":{"line":24,"column":11},"end":{"line":24,"column":23}},{"start":{"line":24,"column":27},"end":{"line":24,"column":42}}],"line":24},"2":{"loc":{"start":{"line":30,"column":4},"end":{"line":32,"column":5}},"type":"if","locations":[{"start":{"line":30,"column":4},"end":{"line":32,"column":5}},{"start":{},"end":{}}],"line":30},"3":{"loc":{"start":{"line":84,"column":7},"end":{"line":109,"column":7}},"type":"binary-expr","locations":[{"start":{"line":84,"column":7},"end":{"line":84,"column":17}},{"start":{"line":85,"column":8},"end":{"line":108,"column":14}}],"line":84}},"s":{"0":8,"1":8,"2":8,"3":8,"4":8,"5":16,"6":16,"7":16,"8":8,"9":2,"10":2,"11":1,"12":8,"13":1,"14":1,"15":0,"16":0,"17":0,"18":0},"f":{"0":8,"1":16,"2":2,"3":1,"4":1,"5":0,"6":0,"7":0,"8":0},"b":{"0":[16,2],"1":[16,15],"2":[1,1],"3":[8,1]},"_coverageSchema":"1a1c01bbd47fc00a2c39e90264f33305004495a9","hash":"d816172454ddc8716835f0a2dce41040cafc6a40"}
,"/home/thomyorke/Documents/GitHub/levelup_react/src/components/pages/ProductDetail.jsx": {"path":"/home/thomyorke/Documents/GitHub/levelup_react/src/components/pages/ProductDetail.jsx","statementMap":{"0":{"start":{"line":12,"column":16},"end":{"line":12,"column":28}},"1":{"start":{"line":14,"column":2},"end":{"line":20,"column":3}},"2":{"start":{"line":15,"column":16},"end":{"line":15,"column":45}},"3":{"start":{"line":16,"column":16},"end":{"line":16,"column":42}},"4":{"start":{"line":17,"column":4},"end":{"line":17,"column":53}},"5":{"start":{"line":19,"column":4},"end":{"line":19,"column":14}},"6":{"start":{"line":23,"column":2},"end":{"line":23,"column":76}},"7":{"start":{"line":23,"column":8},"end":{"line":23,"column":65}},"8":{"start":{"line":26,"column":14},"end":{"line":26,"column":16}},"9":{"start":{"line":27,"column":2},"end":{"line":27,"column":48}},"10":{"start":{"line":27,"column":15},"end":{"line":27,"column":16}},"11":{"start":{"line":27,"column":31},"end":{"line":27,"column":48}},"12":{"start":{"line":28,"column":2},"end":{"line":28,"column":13}},"13":{"start":{"line":32,"column":19},"end":{"line":32,"column":30}},"14":{"start":{"line":33,"column":19},"end":{"line":33,"column":32}},"15":{"start":{"line":34,"column":15},"end":{"line":34,"column":31}},"16":{"start":{"line":37,"column":18},"end":{"line":45,"column":3}},"17":{"start":{"line":39,"column":6},"end":{"line":43,"column":14}},"18":{"start":{"line":41,"column":19},"end":{"line":41,"column":78}},"19":{"start":{"line":48,"column":32},"end":{"line":48,"column":86}},"20":{"start":{"line":48,"column":47},"end":{"line":48,"column":85}},"21":{"start":{"line":51,"column":2},"end":{"line":57,"column":22}},"22":{"start":{"line":52,"column":4},"end":{"line":56,"column":5}},"23":{"start":{"line":53,"column":20},"end":{"line":53,"column":80}},"24":{"start":{"line":54,"column":6},"end":{"line":54,"column":24}},"25":{"start":{"line":55,"column":6},"end":{"line":55,"column":54}},"26":{"start":{"line":60,"column":38},"end":{"line":60,"column":52}},"27":{"start":{"line":63,"column":38},"end":{"line":63,"column":67}},"28":{"start":{"line":63,"column":53},"end":{"line":63,"column":66}},"29":{"start":{"line":64,"column":18},"end":{"line":64,"column":75}},"30":{"start":{"line":64,"column":32},"end":{"line":64,"column":54}},"31":{"start":{"line":66,"column":14},"end":{"line":70,"column":15}},"32":{"start":{"line":67,"column":4},"end":{"line":67,"column":34}},"33":{"start":{"line":67,"column":25},"end":{"line":67,"column":34}},"34":{"start":{"line":68,"column":14},"end":{"line":68,"column":72}},"35":{"start":{"line":68,"column":41},"end":{"line":68,"column":68}},"36":{"start":{"line":69,"column":4},"end":{"line":69,"column":54}},"37":{"start":{"line":72,"column":30},"end":{"line":72,"column":41}},"38":{"start":{"line":73,"column":28},"end":{"line":73,"column":39}},"39":{"start":{"line":74,"column":26},"end":{"line":74,"column":38}},"40":{"start":{"line":76,"column":2},"end":{"line":80,"column":13}},"41":{"start":{"line":77,"column":4},"end":{"line":77,"column":17}},"42":{"start":{"line":78,"column":4},"end":{"line":78,"column":16}},"43":{"start":{"line":79,"column":4},"end":{"line":79,"column":16}},"44":{"start":{"line":83,"column":4},"end":{"line":83,"column":23}},"45":{"start":{"line":84,"column":14},"end":{"line":84,"column":28}},"46":{"start":{"line":85,"column":14},"end":{"line":85,"column":39}},"47":{"start":{"line":86,"column":4},"end":{"line":86,"column":37}},"48":{"start":{"line":86,"column":30},"end":{"line":86,"column":37}},"49":{"start":{"line":87,"column":4},"end":{"line":87,"column":19}},"50":{"start":{"line":87,"column":12},"end":{"line":87,"column":19}},"51":{"start":{"line":89,"column":16},"end":{"line":89,"column":29}},"52":{"start":{"line":90,"column":17},"end":{"line":90,"column":66}},"53":{"start":{"line":91,"column":16},"end":{"line":91,"column":26}},"54":{"start":{"line":92,"column":4},"end":{"line":98,"column":7}},"55":{"start":{"line":99,"column":4},"end":{"line":99,"column":21}},"56":{"start":{"line":100,"column":4},"end":{"line":100,"column":24}},"57":{"start":{"line":101,"column":4},"end":{"line":101,"column":23}},"58":{"start":{"line":103,"column":4},"end":{"line":103,"column":17}},"59":{"start":{"line":104,"column":4},"end":{"line":104,"column":16}},"60":{"start":{"line":105,"column":4},"end":{"line":105,"column":16}},"61":{"start":{"line":108,"column":2},"end":{"line":344,"column":4}},"62":{"start":{"line":124,"column":22},"end":{"line":130,"column":24}},"63":{"start":{"line":129,"column":39},"end":{"line":129,"column":54}},"64":{"start":{"line":153,"column":22},"end":{"line":153,"column":87}},"65":{"start":{"line":180,"column":22},"end":{"line":180,"column":37}},"66":{"start":{"line":181,"column":22},"end":{"line":183,"column":23}},"67":{"start":{"line":182,"column":24},"end":{"line":182,"column":76}},"68":{"start":{"line":212,"column":35},"end":{"line":212,"column":57}},"69":{"start":{"line":213,"column":20},"end":{"line":231,"column":22}},"70":{"start":{"line":217,"column":44},"end":{"line":217,"column":55}},"71":{"start":{"line":218,"column":44},"end":{"line":218,"column":55}},"72":{"start":{"line":219,"column":39},"end":{"line":219,"column":51}},"73":{"start":{"line":244,"column":35},"end":{"line":244,"column":58}},"74":{"start":{"line":266,"column":18},"end":{"line":279,"column":23}},"75":{"start":{"line":270,"column":26},"end":{"line":270,"column":89}},"76":{"start":{"line":292,"column":14},"end":{"line":308,"column":24}},"77":{"start":{"line":321,"column":25},"end":{"line":321,"column":44}},"78":{"start":{"line":328,"column":26},"end":{"line":328,"column":45}},"79":{"start":{"line":337,"column":53},"end":{"line":337,"column":72}},"80":{"start":{"line":338,"column":60},"end":{"line":338,"column":77}}},"fnMap":{"0":{"name":"loadReviews","decl":{"start":{"line":13,"column":9},"end":{"line":13,"column":20}},"loc":{"start":{"line":13,"column":23},"end":{"line":21,"column":1}},"line":13},"1":{"name":"persistReviews","decl":{"start":{"line":22,"column":9},"end":{"line":22,"column":23}},"loc":{"start":{"line":22,"column":29},"end":{"line":24,"column":1}},"line":22},"2":{"name":"stars","decl":{"start":{"line":25,"column":9},"end":{"line":25,"column":14}},"loc":{"start":{"line":25,"column":22},"end":{"line":29,"column":1}},"line":25},"3":{"name":"ProductDetail","decl":{"start":{"line":31,"column":24},"end":{"line":31,"column":37}},"loc":{"start":{"line":31,"column":49},"end":{"line":345,"column":1}},"line":31},"4":{"name":"(anonymous_4)","decl":{"start":{"line":38,"column":4},"end":{"line":38,"column":5}},"loc":{"start":{"line":39,"column":6},"end":{"line":43,"column":14}},"line":39},"5":{"name":"(anonymous_5)","decl":{"start":{"line":41,"column":12},"end":{"line":41,"column":13}},"loc":{"start":{"line":41,"column":19},"end":{"line":41,"column":78}},"line":41},"6":{"name":"(anonymous_6)","decl":{"start":{"line":48,"column":41},"end":{"line":48,"column":42}},"loc":{"start":{"line":48,"column":47},"end":{"line":48,"column":85}},"line":48},"7":{"name":"(anonymous_7)","decl":{"start":{"line":51,"column":12},"end":{"line":51,"column":13}},"loc":{"start":{"line":51,"column":18},"end":{"line":57,"column":3}},"line":51},"8":{"name":"(anonymous_8)","decl":{"start":{"line":63,"column":47},"end":{"line":63,"column":48}},"loc":{"start":{"line":63,"column":53},"end":{"line":63,"column":66}},"line":63},"9":{"name":"(anonymous_9)","decl":{"start":{"line":64,"column":26},"end":{"line":64,"column":27}},"loc":{"start":{"line":64,"column":32},"end":{"line":64,"column":54}},"line":64},"10":{"name":"(anonymous_10)","decl":{"start":{"line":66,"column":22},"end":{"line":66,"column":23}},"loc":{"start":{"line":66,"column":28},"end":{"line":70,"column":3}},"line":66},"11":{"name":"(anonymous_11)","decl":{"start":{"line":68,"column":29},"end":{"line":68,"column":30}},"loc":{"start":{"line":68,"column":41},"end":{"line":68,"column":68}},"line":68},"12":{"name":"(anonymous_12)","decl":{"start":{"line":76,"column":12},"end":{"line":76,"column":13}},"loc":{"start":{"line":76,"column":18},"end":{"line":80,"column":3}},"line":76},"13":{"name":"submitReview","decl":{"start":{"line":82,"column":11},"end":{"line":82,"column":23}},"loc":{"start":{"line":82,"column":27},"end":{"line":106,"column":3}},"line":82},"14":{"name":"(anonymous_14)","decl":{"start":{"line":123,"column":25},"end":{"line":123,"column":26}},"loc":{"start":{"line":124,"column":22},"end":{"line":130,"column":24}},"line":124},"15":{"name":"(anonymous_15)","decl":{"start":{"line":129,"column":33},"end":{"line":129,"column":34}},"loc":{"start":{"line":129,"column":39},"end":{"line":129,"column":54}},"line":129},"16":{"name":"(anonymous_16)","decl":{"start":{"line":152,"column":48},"end":{"line":152,"column":49}},"loc":{"start":{"line":153,"column":22},"end":{"line":153,"column":87}},"line":153},"17":{"name":"(anonymous_17)","decl":{"start":{"line":179,"column":29},"end":{"line":179,"column":30}},"loc":{"start":{"line":179,"column":35},"end":{"line":184,"column":21}},"line":179},"18":{"name":"(anonymous_18)","decl":{"start":{"line":211,"column":39},"end":{"line":211,"column":40}},"loc":{"start":{"line":211,"column":46},"end":{"line":232,"column":19}},"line":211},"19":{"name":"(anonymous_19)","decl":{"start":{"line":217,"column":38},"end":{"line":217,"column":39}},"loc":{"start":{"line":217,"column":44},"end":{"line":217,"column":55}},"line":217},"20":{"name":"(anonymous_20)","decl":{"start":{"line":218,"column":38},"end":{"line":218,"column":39}},"loc":{"start":{"line":218,"column":44},"end":{"line":218,"column":55}},"line":218},"21":{"name":"(anonymous_21)","decl":{"start":{"line":219,"column":33},"end":{"line":219,"column":34}},"loc":{"start":{"line":219,"column":39},"end":{"line":219,"column":51}},"line":219},"22":{"name":"(anonymous_22)","decl":{"start":{"line":244,"column":28},"end":{"line":244,"column":29}},"loc":{"start":{"line":244,"column":35},"end":{"line":244,"column":58}},"line":244},"23":{"name":"(anonymous_23)","decl":{"start":{"line":265,"column":29},"end":{"line":265,"column":30}},"loc":{"start":{"line":266,"column":18},"end":{"line":279,"column":23}},"line":266},"24":{"name":"(anonymous_24)","decl":{"start":{"line":269,"column":45},"end":{"line":269,"column":46}},"loc":{"start":{"line":270,"column":26},"end":{"line":270,"column":89}},"line":270},"25":{"name":"(anonymous_25)","decl":{"start":{"line":291,"column":26},"end":{"line":291,"column":27}},"loc":{"start":{"line":292,"column":14},"end":{"line":308,"column":24}},"line":292},"26":{"name":"(anonymous_26)","decl":{"start":{"line":321,"column":19},"end":{"line":321,"column":20}},"loc":{"start":{"line":321,"column":25},"end":{"line":321,"column":44}},"line":321},"27":{"name":"(anonymous_27)","decl":{"start":{"line":328,"column":21},"end":{"line":328,"column":22}},"loc":{"start":{"line":328,"column":26},"end":{"line":328,"column":45}},"line":328},"28":{"name":"(anonymous_28)","decl":{"start":{"line":337,"column":47},"end":{"line":337,"column":48}},"loc":{"start":{"line":337,"column":53},"end":{"line":337,"column":72}},"line":337},"29":{"name":"(anonymous_29)","decl":{"start":{"line":338,"column":54},"end":{"line":338,"column":55}},"loc":{"start":{"line":338,"column":60},"end":{"line":338,"column":77}},"line":338}},"branchMap":{"0":{"loc":{"start":{"line":16,"column":16},"end":{"line":16,"column":42}},"type":"cond-expr","locations":[{"start":{"line":16,"column":22},"end":{"line":16,"column":37}},{"start":{"line":16,"column":40},"end":{"line":16,"column":42}}],"line":16},"1":{"loc":{"start":{"line":17,"column":11},"end":{"line":17,"column":52}},"type":"cond-expr","locations":[{"start":{"line":17,"column":44},"end":{"line":17,"column":47}},{"start":{"line":17,"column":50},"end":{"line":17,"column":52}}],"line":17},"2":{"loc":{"start":{"line":17,"column":11},"end":{"line":17,"column":41}},"type":"binary-expr","locations":[{"start":{"line":17,"column":11},"end":{"line":17,"column":34}},{"start":{"line":17,"column":38},"end":{"line":17,"column":41}}],"line":17},"3":{"loc":{"start":{"line":23,"column":53},"end":{"line":23,"column":62}},"type":"binary-expr","locations":[{"start":{"line":23,"column":53},"end":{"line":23,"column":56}},{"start":{"line":23,"column":60},"end":{"line":23,"column":62}}],"line":23},"4":{"loc":{"start":{"line":25,"column":15},"end":{"line":25,"column":20}},"type":"default-arg","locations":[{"start":{"line":25,"column":19},"end":{"line":25,"column":20}}],"line":25},"5":{"loc":{"start":{"line":39,"column":6},"end":{"line":43,"column":14}},"type":"cond-expr","locations":[{"start":{"line":40,"column":10},"end":{"line":42,"column":11}},{"start":{"line":43,"column":10},"end":{"line":43,"column":14}}],"line":39},"6":{"loc":{"start":{"line":48,"column":47},"end":{"line":48,"column":85}},"type":"binary-expr","locations":[{"start":{"line":48,"column":47},"end":{"line":48,"column":67}},{"start":{"line":48,"column":71},"end":{"line":48,"column":85}}],"line":48},"7":{"loc":{"start":{"line":52,"column":4},"end":{"line":56,"column":5}},"type":"if","locations":[{"start":{"line":52,"column":4},"end":{"line":56,"column":5}},{"start":{},"end":{}}],"line":52},"8":{"loc":{"start":{"line":53,"column":20},"end":{"line":53,"column":80}},"type":"binary-expr","locations":[{"start":{"line":53,"column":21},"end":{"line":53,"column":35}},{"start":{"line":53,"column":39},"end":{"line":53,"column":56}},{"start":{"line":53,"column":61},"end":{"line":53,"column":74}},{"start":{"line":53,"column":78},"end":{"line":53,"column":80}}],"line":53},"9":{"loc":{"start":{"line":64,"column":32},"end":{"line":64,"column":54}},"type":"binary-expr","locations":[{"start":{"line":64,"column":32},"end":{"line":64,"column":48}},{"start":{"line":64,"column":52},"end":{"line":64,"column":54}}],"line":64},"10":{"loc":{"start":{"line":67,"column":4},"end":{"line":67,"column":34}},"type":"if","locations":[{"start":{"line":67,"column":4},"end":{"line":67,"column":34}},{"start":{},"end":{}}],"line":67},"11":{"loc":{"start":{"line":68,"column":54},"end":{"line":68,"column":67}},"type":"binary-expr","locations":[{"start":{"line":68,"column":54},"end":{"line":68,"column":62}},{"start":{"line":68,"column":66},"end":{"line":68,"column":67}}],"line":68},"12":{"loc":{"start":{"line":85,"column":21},"end":{"line":85,"column":31}},"type":"binary-expr","locations":[{"start":{"line":85,"column":21},"end":{"line":85,"column":25}},{"start":{"line":85,"column":29},"end":{"line":85,"column":31}}],"line":85},"13":{"loc":{"start":{"line":86,"column":4},"end":{"line":86,"column":37}},"type":"if","locations":[{"start":{"line":86,"column":4},"end":{"line":86,"column":37}},{"start":{},"end":{}}],"line":86},"14":{"loc":{"start":{"line":86,"column":8},"end":{"line":86,"column":28}},"type":"binary-expr","locations":[{"start":{"line":86,"column":8},"end":{"line":86,"column":10}},{"start":{"line":86,"column":14},"end":{"line":86,"column":19}},{"start":{"line":86,"column":23},"end":{"line":86,"column":28}}],"line":86},"15":{"loc":{"start":{"line":87,"column":4},"end":{"line":87,"column":19}},"type":"if","locations":[{"start":{"line":87,"column":4},"end":{"line":87,"column":19}},{"start":{},"end":{}}],"line":87},"16":{"loc":{"start":{"line":90,"column":17},"end":{"line":90,"column":66}},"type":"cond-expr","locations":[{"start":{"line":90,"column":44},"end":{"line":90,"column":61}},{"start":{"line":90,"column":64},"end":{"line":90,"column":66}}],"line":90},"17":{"loc":{"start":{"line":94,"column":14},"end":{"line":94,"column":37}},"type":"binary-expr","locations":[{"start":{"line":94,"column":14},"end":{"line":94,"column":24}},{"start":{"line":94,"column":28},"end":{"line":94,"column":37}}],"line":94},"18":{"loc":{"start":{"line":110,"column":7},"end":{"line":312,"column":7}},"type":"cond-expr","locations":[{"start":{"line":111,"column":8},"end":{"line":284,"column":11}},{"start":{"line":286,"column":8},"end":{"line":311,"column":18}}],"line":110},"19":{"loc":{"start":{"line":121,"column":20},"end":{"line":121,"column":77}},"type":"cond-expr","locations":[{"start":{"line":121,"column":45},"end":{"line":121,"column":59}},{"start":{"line":121,"column":62},"end":{"line":121,"column":77}}],"line":121},"20":{"loc":{"start":{"line":128,"column":35},"end":{"line":128,"column":66}},"type":"cond-expr","locations":[{"start":{"line":128,"column":53},"end":{"line":128,"column":61}},{"start":{"line":128,"column":64},"end":{"line":128,"column":66}}],"line":128},"21":{"loc":{"start":{"line":153,"column":57},"end":{"line":153,"column":83}},"type":"cond-expr","locations":[{"start":{"line":153,"column":62},"end":{"line":153,"column":71}},{"start":{"line":153,"column":74},"end":{"line":153,"column":83}}],"line":153},"22":{"loc":{"start":{"line":165,"column":17},"end":{"line":170,"column":17}},"type":"binary-expr","locations":[{"start":{"line":165,"column":17},"end":{"line":165,"column":31}},{"start":{"line":166,"column":18},"end":{"line":169,"column":22}}],"line":165},"23":{"loc":{"start":{"line":181,"column":22},"end":{"line":183,"column":23}},"type":"if","locations":[{"start":{"line":181,"column":22},"end":{"line":183,"column":23}},{"start":{},"end":{}}],"line":181},"24":{"loc":{"start":{"line":203,"column":32},"end":{"line":203,"column":103}},"type":"cond-expr","locations":[{"start":{"line":203,"column":39},"end":{"line":203,"column":72}},{"start":{"line":203,"column":75},"end":{"line":203,"column":103}}],"line":203},"25":{"loc":{"start":{"line":212,"column":36},"end":{"line":212,"column":51}},"type":"binary-expr","locations":[{"start":{"line":212,"column":36},"end":{"line":212,"column":41}},{"start":{"line":212,"column":45},"end":{"line":212,"column":51}}],"line":212},"26":{"loc":{"start":{"line":229,"column":49},"end":{"line":229,"column":79}},"type":"cond-expr","locations":[{"start":{"line":229,"column":58},"end":{"line":229,"column":67}},{"start":{"line":229,"column":70},"end":{"line":229,"column":79}}],"line":229},"27":{"loc":{"start":{"line":234,"column":21},"end":{"line":234,"column":63}},"type":"cond-expr","locations":[{"start":{"line":234,"column":30},"end":{"line":234,"column":43}},{"start":{"line":234,"column":46},"end":{"line":234,"column":63}}],"line":234},"28":{"loc":{"start":{"line":254,"column":71},"end":{"line":254,"column":94}},"type":"binary-expr","locations":[{"start":{"line":254,"column":71},"end":{"line":254,"column":78}},{"start":{"line":254,"column":82},"end":{"line":254,"column":94}}],"line":254},"29":{"loc":{"start":{"line":261,"column":13},"end":{"line":282,"column":13}},"type":"cond-expr","locations":[{"start":{"line":262,"column":14},"end":{"line":262,"column":83}},{"start":{"line":264,"column":14},"end":{"line":281,"column":19}}],"line":261},"30":{"loc":{"start":{"line":270,"column":59},"end":{"line":270,"column":85}},"type":"cond-expr","locations":[{"start":{"line":270,"column":64},"end":{"line":270,"column":73}},{"start":{"line":270,"column":76},"end":{"line":270,"column":85}}],"line":270},"31":{"loc":{"start":{"line":317,"column":7},"end":{"line":342,"column":7}},"type":"binary-expr","locations":[{"start":{"line":317,"column":7},"end":{"line":317,"column":17}},{"start":{"line":318,"column":8},"end":{"line":341,"column":14}}],"line":317}},"s":{"0":1,"1":3,"2":3,"3":3,"4":3,"5":0,"6":0,"7":0,"8":5,"9":5,"10":5,"11":25,"12":5,"13":5,"14":5,"15":5,"16":5,"17":3,"18":3,"19":5,"20":3,"21":5,"22":3,"23":3,"24":3,"25":3,"26":5,"27":5,"28":3,"29":5,"30":3,"31":5,"32":3,"33":3,"34":0,"35":0,"36":0,"37":5,"38":5,"39":5,"40":5,"41":3,"42":3,"43":3,"44":0,"45":0,"46":0,"47":0,"48":0,"49":0,"50":0,"51":0,"52":0,"53":0,"54":0,"55":0,"56":0,"57":0,"58":0,"59":0,"60":0,"61":5,"62":25,"63":0,"64":25,"65":1,"66":1,"67":1,"68":25,"69":25,"70":0,"71":0,"72":0,"73":0,"74":0,"75":0,"76":0,"77":0,"78":1,"79":0,"80":1},"f":{"0":3,"1":0,"2":5,"3":5,"4":3,"5":3,"6":3,"7":3,"8":3,"9":3,"10":3,"11":0,"12":3,"13":0,"14":25,"15":0,"16":25,"17":1,"18":25,"19":0,"20":0,"21":0,"22":0,"23":0,"24":0,"25":0,"26":0,"27":1,"28":0,"29":1},"b":{"0":[0,3],"1":[3,0],"2":[3,3],"3":[0,0],"4":[0],"5":[3,0],"6":[3,0],"7":[3,0],"8":[3,3,0,0],"9":[3,3],"10":[3,0],"11":[0,0],"12":[0,0],"13":[0,0],"14":[0,0,0],"15":[0,0],"16":[0,0],"17":[0,0],"18":[5,0],"19":[5,0],"20":[5,20],"21":[0,25],"22":[5,5],"23":[1,0],"24":[5,0],"25":[25,25],"26":[0,25],"27":[0,5],"28":[5,0],"29":[5,0],"30":[0,0],"31":[5,2]},"_coverageSchema":"1a1c01bbd47fc00a2c39e90264f33305004495a9","hash":"0f37c14e4aac6d58a63910ede92fef44c67c5328"}
,"/home/thomyorke/Documents/GitHub/levelup_react/src/data/products.js": {"path":"/home/thomyorke/Documents/GitHub/levelup_react/src/data/products.js","statementMap":{"0":{"start":{"line":3,"column":24},"end":{"line":186,"column":1}}},"fnMap":{},"branchMap":{},"s":{"0":1},"f":{},"b":{},"_coverageSchema":"1a1c01bbd47fc00a2c39e90264f33305004495a9","hash":"c6871e30dfc76900d8d825692baed6d9f90b99c8"}
,"/home/thomyorke/Documents/GitHub/levelup_react/src/utils/cart.js": {"path":"/home/thomyorke/Documents/GitHub/levelup_react/src/utils/cart.js","statementMap":{"0":{"start":{"line":1,"column":12},"end":{"line":1,"column":21}},"1":{"start":{"line":5,"column":2},"end":{"line":6,"column":22}},"2":{"start":{"line":5,"column":8},"end":{"line":5,"column":61}},"3":{"start":{"line":6,"column":10},"end":{"line":6,"column":20}},"4":{"start":{"line":10,"column":2},"end":{"line":10,"column":19}},"5":{"start":{"line":14,"column":2},"end":{"line":14,"column":24}},"6":{"start":{"line":17,"column":2},"end":{"line":17,"column":57}},"7":{"start":{"line":21,"column":14},"end":{"line":21,"column":23}},"8":{"start":{"line":22,"column":14},"end":{"line":22,"column":54}},"9":{"start":{"line":22,"column":33},"end":{"line":22,"column":53}},"10":{"start":{"line":23,"column":2},"end":{"line":30,"column":5}},"11":{"start":{"line":23,"column":16},"end":{"line":23,"column":55}},"12":{"start":{"line":24,"column":7},"end":{"line":30,"column":5}},"13":{"start":{"line":31,"column":2},"end":{"line":31,"column":15}},"14":{"start":{"line":32,"column":2},"end":{"line":32,"column":13}},"15":{"start":{"line":36,"column":14},"end":{"line":36,"column":52}},"16":{"start":{"line":36,"column":36},"end":{"line":36,"column":51}},"17":{"start":{"line":37,"column":2},"end":{"line":37,"column":15}},"18":{"start":{"line":38,"column":2},"end":{"line":38,"column":13}},"19":{"start":{"line":42,"column":12},"end":{"line":42,"column":41}},"20":{"start":{"line":43,"column":14},"end":{"line":43,"column":72}},"21":{"start":{"line":43,"column":33},"end":{"line":43,"column":71}},"22":{"start":{"line":44,"column":2},"end":{"line":44,"column":15}},"23":{"start":{"line":45,"column":2},"end":{"line":45,"column":13}},"24":{"start":{"line":48,"column":30},"end":{"line":48,"column":42}},"25":{"start":{"line":48,"column":43},"end":{"line":48,"column":53}},"26":{"start":{"line":51,"column":2},"end":{"line":51,"column":60}},"27":{"start":{"line":51,"column":39},"end":{"line":51,"column":55}},"28":{"start":{"line":55,"column":2},"end":{"line":55,"column":72}},"29":{"start":{"line":55,"column":39},"end":{"line":55,"column":67}}},"fnMap":{"0":{"name":"getCart","decl":{"start":{"line":4,"column":16},"end":{"line":4,"column":23}},"loc":{"start":{"line":4,"column":26},"end":{"line":7,"column":1}},"line":4},"1":{"name":"loadCart","decl":{"start":{"line":9,"column":16},"end":{"line":9,"column":24}},"loc":{"start":{"line":9,"column":27},"end":{"line":11,"column":1}},"line":9},"2":{"name":"persistCart","decl":{"start":{"line":13,"column":16},"end":{"line":13,"column":27}},"loc":{"start":{"line":13,"column":35},"end":{"line":15,"column":1}},"line":13},"3":{"name":"setCart","decl":{"start":{"line":16,"column":16},"end":{"line":16,"column":23}},"loc":{"start":{"line":16,"column":31},"end":{"line":18,"column":1}},"line":16},"4":{"name":"addToCart","decl":{"start":{"line":20,"column":16},"end":{"line":20,"column":25}},"loc":{"start":{"line":20,"column":32},"end":{"line":33,"column":1}},"line":20},"5":{"name":"(anonymous_5)","decl":{"start":{"line":22,"column":28},"end":{"line":22,"column":29}},"loc":{"start":{"line":22,"column":33},"end":{"line":22,"column":53}},"line":22},"6":{"name":"removeFromCart","decl":{"start":{"line":35,"column":16},"end":{"line":35,"column":30}},"loc":{"start":{"line":35,"column":37},"end":{"line":39,"column":1}},"line":35},"7":{"name":"(anonymous_7)","decl":{"start":{"line":36,"column":31},"end":{"line":36,"column":32}},"loc":{"start":{"line":36,"column":36},"end":{"line":36,"column":51}},"line":36},"8":{"name":"setQtyInCart","decl":{"start":{"line":41,"column":16},"end":{"line":41,"column":28}},"loc":{"start":{"line":41,"column":40},"end":{"line":46,"column":1}},"line":41},"9":{"name":"(anonymous_9)","decl":{"start":{"line":43,"column":28},"end":{"line":43,"column":29}},"loc":{"start":{"line":43,"column":33},"end":{"line":43,"column":71}},"line":43},"10":{"name":"clearCart","decl":{"start":{"line":48,"column":16},"end":{"line":48,"column":25}},"loc":{"start":{"line":48,"column":28},"end":{"line":48,"column":55}},"line":48},"11":{"name":"cartCount","decl":{"start":{"line":50,"column":16},"end":{"line":50,"column":25}},"loc":{"start":{"line":50,"column":32},"end":{"line":52,"column":1}},"line":50},"12":{"name":"(anonymous_12)","decl":{"start":{"line":51,"column":29},"end":{"line":51,"column":30}},"loc":{"start":{"line":51,"column":39},"end":{"line":51,"column":55}},"line":51},"13":{"name":"cartTotal","decl":{"start":{"line":54,"column":16},"end":{"line":54,"column":25}},"loc":{"start":{"line":54,"column":32},"end":{"line":56,"column":1}},"line":54},"14":{"name":"(anonymous_14)","decl":{"start":{"line":55,"column":29},"end":{"line":55,"column":30}},"loc":{"start":{"line":55,"column":39},"end":{"line":55,"column":67}},"line":55}},"branchMap":{"0":{"loc":{"start":{"line":5,"column":26},"end":{"line":5,"column":59}},"type":"binary-expr","locations":[{"start":{"line":5,"column":26},"end":{"line":5,"column":51}},{"start":{"line":5,"column":55},"end":{"line":5,"column":59}}],"line":5},"1":{"loc":{"start":{"line":17,"column":43},"end":{"line":17,"column":54}},"type":"binary-expr","locations":[{"start":{"line":17,"column":43},"end":{"line":17,"column":48}},{"start":{"line":17,"column":52},"end":{"line":17,"column":54}}],"line":17},"2":{"loc":{"start":{"line":23,"column":2},"end":{"line":30,"column":5}},"type":"if","locations":[{"start":{"line":23,"column":2},"end":{"line":30,"column":5}},{"start":{"line":24,"column":7},"end":{"line":30,"column":5}}],"line":23},"3":{"loc":{"start":{"line":23,"column":32},"end":{"line":23,"column":49}},"type":"binary-expr","locations":[{"start":{"line":23,"column":32},"end":{"line":23,"column":44}},{"start":{"line":23,"column":48},"end":{"line":23,"column":49}}],"line":23},"4":{"loc":{"start":{"line":28,"column":11},"end":{"line":28,"column":41}},"type":"binary-expr","locations":[{"start":{"line":28,"column":11},"end":{"line":28,"column":27}},{"start":{"line":28,"column":31},"end":{"line":28,"column":41}}],"line":28},"5":{"loc":{"start":{"line":42,"column":24},"end":{"line":42,"column":40}},"type":"binary-expr","locations":[{"start":{"line":42,"column":24},"end":{"line":42,"column":35}},{"start":{"line":42,"column":39},"end":{"line":42,"column":40}}],"line":42},"6":{"loc":{"start":{"line":43,"column":33},"end":{"line":43,"column":71}},"type":"cond-expr","locations":[{"start":{"line":43,"column":51},"end":{"line":43,"column":67}},{"start":{"line":43,"column":70},"end":{"line":43,"column":71}}],"line":43},"7":{"loc":{"start":{"line":51,"column":10},"end":{"line":51,"column":20}},"type":"binary-expr","locations":[{"start":{"line":51,"column":10},"end":{"line":51,"column":14}},{"start":{"line":51,"column":18},"end":{"line":51,"column":20}}],"line":51},"8":{"loc":{"start":{"line":51,"column":44},"end":{"line":51,"column":54}},"type":"binary-expr","locations":[{"start":{"line":51,"column":44},"end":{"line":51,"column":49}},{"start":{"line":51,"column":53},"end":{"line":51,"column":54}}],"line":51},"9":{"loc":{"start":{"line":55,"column":10},"end":{"line":55,"column":20}},"type":"binary-expr","locations":[{"start":{"line":55,"column":10},"end":{"line":55,"column":14}},{"start":{"line":55,"column":18},"end":{"line":55,"column":20}}],"line":55},"10":{"loc":{"start":{"line":55,"column":55},"end":{"line":55,"column":65}},"type":"binary-expr","locations":[{"start":{"line":55,"column":55},"end":{"line":55,"column":60}},{"start":{"line":55,"column":64},"end":{"line":55,"column":65}}],"line":55}},"s":{"0":1,"1":0,"2":0,"3":0,"4":0,"5":0,"6":0,"7":0,"8":0,"9":0,"10":0,"11":0,"12":0,"13":0,"14":0,"15":0,"16":0,"17":0,"18":0,"19":0,"20":0,"21":0,"22":0,"23":0,"24":0,"25":0,"26":0,"27":0,"28":2,"29":4},"f":{"0":0,"1":0,"2":0,"3":0,"4":0,"5":0,"6":0,"7":0,"8":0,"9":0,"10":0,"11":0,"12":0,"13":2,"14":4},"b":{"0":[0,0],"1":[0,0],"2":[0,0],"3":[0,0],"4":[0,0],"5":[0,0],"6":[0,0],"7":[0,0],"8":[0,0],"9":[2,0],"10":[4,0]},"_coverageSchema":"1a1c01bbd47fc00a2c39e90264f33305004495a9","hash":"0d8ef30f976f0bfa9f7a4e1623387b9201f7a980"}
}
