TN:
SF:src/components/atoms/Button.jsx
FN:3,Button
FNF:1
FNH:1
FNDA:12,Button
DA:4,12
DA:5,12
LF:2
LH:2
BRDA:4,0,0,6
BRDA:4,0,1,6
BRF:2
BRH:2
end_of_record
TN:
SF:src/components/atoms/Price.jsx
FN:3,Price
FNF:1
FNH:1
FNDA:14,Price
DA:4,14
DA:10,14
LF:2
LH:2
BRDA:8,0,0,14
BRDA:8,0,1,0
BRF:2
BRH:1
end_of_record
TN:
SF:src/components/molecules/Footer.jsx
FN:3,Footer
FNF:1
FNH:1
FNDA:4,Footer
DA:4,4
LF:1
LH:1
BRF:0
BRH:0
end_of_record
TN:
SF:src/components/pages/Cart.jsx
FN:10,(anonymous_0)
FN:12,Cart
FN:16,(anonymous_2)
FN:17,(anonymous_3)
FN:26,(anonymous_4)
FN:55,(anonymous_5)
FN:66,(anonymous_6)
FN:72,(anonymous_7)
FN:96,(anonymous_8)
FN:103,(anonymous_9)
FN:113,(anonymous_10)
FNF:11
FNH:5
FNDA:4,(anonymous_0)
FNDA:2,Cart
FNDA:2,(anonymous_2)
FNDA:4,(anonymous_3)
FNDA:0,(anonymous_4)
FNDA:4,(anonymous_5)
FNDA:0,(anonymous_6)
FNDA:0,(anonymous_7)
FNDA:0,(anonymous_8)
FNDA:0,(anonymous_9)
FNDA:0,(anonymous_10)
DA:10,4
DA:13,2
DA:16,2
DA:17,2
DA:18,4
DA:19,4
DA:20,4
DA:24,2
DA:26,2
DA:27,0
DA:28,0
DA:29,0
DA:30,0
DA:31,0
DA:32,0
DA:34,0
DA:40,2
DA:56,4
DA:66,0
DA:72,0
DA:96,0
DA:103,0
DA:113,0
LF:23
LH:11
BRDA:10,0,0,0
BRDA:18,1,0,4
BRDA:18,1,1,0
BRDA:19,2,0,4
BRDA:19,2,1,0
BRDA:27,3,0,0
BRDA:27,3,1,0
BRDA:29,4,0,0
BRDA:29,4,1,0
BRDA:29,5,0,0
BRDA:29,5,1,0
BRDA:30,6,0,0
BRDA:30,6,1,0
BRDA:43,7,0,0
BRDA:43,7,1,2
BRDA:65,8,0,4
BRDA:65,8,1,0
BRDA:70,9,0,4
BRDA:70,9,1,0
BRDA:92,10,0,2
BRDA:92,10,1,0
BRF:21
BRH:6
end_of_record
TN:
SF:src/components/pages/Home.jsx
FN:14,Home
FN:21,(anonymous_1)
FN:28,(anonymous_2)
FN:49,(anonymous_3)
FN:55,(anonymous_4)
FN:88,(anonymous_5)
FN:95,(anonymous_6)
FN:104,(anonymous_7)
FN:105,(anonymous_8)
FNF:9
FNH:5
FNDA:8,Home
FNDA:16,(anonymous_1)
FNDA:2,(anonymous_2)
FNDA:1,(anonymous_3)
FNDA:1,(anonymous_4)
FNDA:0,(anonymous_5)
FNDA:0,(anonymous_6)
FNDA:0,(anonymous_7)
FNDA:0,(anonymous_8)
DA:15,8
DA:16,8
DA:17,8
DA:18,8
DA:21,8
DA:22,16
DA:23,16
DA:24,16
DA:28,8
DA:29,2
DA:30,2
DA:31,1
DA:35,8
DA:49,1
DA:55,1
DA:88,0
DA:95,0
DA:104,0
DA:105,0
LF:19
LH:15
BRDA:23,0,0,16
BRDA:23,0,1,2
BRDA:24,1,0,16
BRDA:24,1,1,15
BRDA:30,2,0,1
BRDA:30,2,1,1
BRDA:84,3,0,8
BRDA:84,3,1,1
BRF:8
BRH:8
end_of_record
TN:
SF:src/components/pages/ProductDetail.jsx
FN:13,loadReviews
FN:22,persistReviews
FN:25,stars
FN:31,ProductDetail
FN:38,(anonymous_4)
FN:41,(anonymous_5)
FN:48,(anonymous_6)
FN:51,(anonymous_7)
FN:63,(anonymous_8)
FN:64,(anonymous_9)
FN:66,(anonymous_10)
FN:68,(anonymous_11)
FN:76,(anonymous_12)
FN:82,submitReview
FN:123,(anonymous_14)
FN:129,(anonymous_15)
FN:152,(anonymous_16)
FN:179,(anonymous_17)
FN:211,(anonymous_18)
FN:217,(anonymous_19)
FN:218,(anonymous_20)
FN:219,(anonymous_21)
FN:244,(anonymous_22)
FN:265,(anonymous_23)
FN:269,(anonymous_24)
FN:291,(anonymous_25)
FN:321,(anonymous_26)
FN:328,(anonymous_27)
FN:337,(anonymous_28)
FN:338,(anonymous_29)
FNF:30
FNH:17
FNDA:3,loadReviews
FNDA:0,persistReviews
FNDA:5,stars
FNDA:5,ProductDetail
FNDA:3,(anonymous_4)
FNDA:3,(anonymous_5)
FNDA:3,(anonymous_6)
FNDA:3,(anonymous_7)
FNDA:3,(anonymous_8)
FNDA:3,(anonymous_9)
FNDA:3,(anonymous_10)
FNDA:0,(anonymous_11)
FNDA:3,(anonymous_12)
FNDA:0,submitReview
FNDA:25,(anonymous_14)
FNDA:0,(anonymous_15)
FNDA:25,(anonymous_16)
FNDA:1,(anonymous_17)
FNDA:25,(anonymous_18)
FNDA:0,(anonymous_19)
FNDA:0,(anonymous_20)
FNDA:0,(anonymous_21)
FNDA:0,(anonymous_22)
FNDA:0,(anonymous_23)
FNDA:0,(anonymous_24)
FNDA:0,(anonymous_25)
FNDA:0,(anonymous_26)
FNDA:1,(anonymous_27)
FNDA:0,(anonymous_28)
FNDA:1,(anonymous_29)
DA:12,1
DA:14,3
DA:15,3
DA:16,3
DA:17,3
DA:19,0
DA:23,0
DA:26,5
DA:27,25
DA:28,5
DA:32,5
DA:33,5
DA:34,5
DA:37,5
DA:39,3
DA:41,3
DA:48,5
DA:51,5
DA:52,3
DA:53,3
DA:54,3
DA:55,3
DA:60,5
DA:63,5
DA:64,5
DA:66,5
DA:67,3
DA:68,0
DA:69,0
DA:72,5
DA:73,5
DA:74,5
DA:76,5
DA:77,3
DA:78,3
DA:79,3
DA:83,0
DA:84,0
DA:85,0
DA:86,0
DA:87,0
DA:89,0
DA:90,0
DA:91,0
DA:92,0
DA:99,0
DA:100,0
DA:101,0
DA:103,0
DA:104,0
DA:105,0
DA:108,5
DA:124,25
DA:129,0
DA:153,25
DA:180,1
DA:181,1
DA:182,1
DA:212,25
DA:213,25
DA:217,0
DA:218,0
DA:219,0
DA:244,0
DA:266,0
DA:270,0
DA:292,0
DA:321,0
DA:328,1
DA:337,0
DA:338,1
LF:71
LH:42
BRDA:16,0,0,0
BRDA:16,0,1,3
BRDA:17,1,0,3
BRDA:17,1,1,0
BRDA:17,2,0,3
BRDA:17,2,1,3
BRDA:23,3,0,0
BRDA:23,3,1,0
BRDA:25,4,0,0
BRDA:39,5,0,3
BRDA:39,5,1,0
BRDA:48,6,0,3
BRDA:48,6,1,0
BRDA:52,7,0,3
BRDA:52,7,1,0
BRDA:53,8,0,3
BRDA:53,8,1,3
BRDA:53,8,2,0
BRDA:53,8,3,0
BRDA:64,9,0,3
BRDA:64,9,1,3
BRDA:67,10,0,3
BRDA:67,10,1,0
BRDA:68,11,0,0
BRDA:68,11,1,0
BRDA:85,12,0,0
BRDA:85,12,1,0
BRDA:86,13,0,0
BRDA:86,13,1,0
BRDA:86,14,0,0
BRDA:86,14,1,0
BRDA:86,14,2,0
BRDA:87,15,0,0
BRDA:87,15,1,0
BRDA:90,16,0,0
BRDA:90,16,1,0
BRDA:94,17,0,0
BRDA:94,17,1,0
BRDA:110,18,0,5
BRDA:110,18,1,0
BRDA:121,19,0,5
BRDA:121,19,1,0
BRDA:128,20,0,5
BRDA:128,20,1,20
BRDA:153,21,0,0
BRDA:153,21,1,25
BRDA:165,22,0,5
BRDA:165,22,1,5
BRDA:181,23,0,1
BRDA:181,23,1,0
BRDA:203,24,0,5
BRDA:203,24,1,0
BRDA:212,25,0,25
BRDA:212,25,1,25
BRDA:229,26,0,0
BRDA:229,26,1,25
BRDA:234,27,0,0
BRDA:234,27,1,5
BRDA:254,28,0,5
BRDA:254,28,1,0
BRDA:261,29,0,5
BRDA:261,29,1,0
BRDA:270,30,0,0
BRDA:270,30,1,0
BRDA:317,31,0,5
BRDA:317,31,1,2
BRF:66
BRH:29
end_of_record
TN:
SF:src/data/products.js
FNF:0
FNH:0
DA:3,1
LF:1
LH:1
BRF:0
BRH:0
end_of_record
TN:
SF:src/utils/cart.js
FN:4,getCart
FN:9,loadCart
FN:13,persistCart
FN:16,setCart
FN:20,addToCart
FN:22,(anonymous_5)
FN:35,removeFromCart
FN:36,(anonymous_7)
FN:41,setQtyInCart
FN:43,(anonymous_9)
FN:48,clearCart
FN:50,cartCount
FN:51,(anonymous_12)
FN:54,cartTotal
FN:55,(anonymous_14)
FNF:15
FNH:2
FNDA:0,getCart
FNDA:0,loadCart
FNDA:0,persistCart
FNDA:0,setCart
FNDA:0,addToCart
FNDA:0,(anonymous_5)
FNDA:0,removeFromCart
FNDA:0,(anonymous_7)
FNDA:0,setQtyInCart
FNDA:0,(anonymous_9)
FNDA:0,clearCart
FNDA:0,cartCount
FNDA:0,(anonymous_12)
FNDA:2,cartTotal
FNDA:4,(anonymous_14)
DA:1,1
DA:5,0
DA:6,0
DA:10,0
DA:14,0
DA:17,0
DA:21,0
DA:22,0
DA:23,0
DA:24,0
DA:31,0
DA:32,0
DA:36,0
DA:37,0
DA:38,0
DA:42,0
DA:43,0
DA:44,0
DA:45,0
DA:48,0
DA:51,0
DA:55,4
LF:22
LH:2
BRDA:5,0,0,0
BRDA:5,0,1,0
BRDA:17,1,0,0
BRDA:17,1,1,0
BRDA:23,2,0,0
BRDA:23,2,1,0
BRDA:23,3,0,0
BRDA:23,3,1,0
BRDA:28,4,0,0
BRDA:28,4,1,0
BRDA:42,5,0,0
BRDA:42,5,1,0
BRDA:43,6,0,0
BRDA:43,6,1,0
BRDA:51,7,0,0
BRDA:51,7,1,0
BRDA:51,8,0,0
BRDA:51,8,1,0
BRDA:55,9,0,2
BRDA:55,9,1,0
BRDA:55,10,0,4
BRDA:55,10,1,0
BRF:22
BRH:2
end_of_record
