TN:
SF:src\components\atoms\Button.jsx
FN:3,Button
FNF:1
FNH:1
FNDA:12,Button
DA:4,12
DA:5,12
LF:2
LH:2
BRDA:4,0,0,6
BRDA:4,0,1,6
BRF:2
BRH:2
end_of_record
TN:
SF:src\components\atoms\Price.jsx
FN:3,Price
FNF:1
FNH:1
FNDA:14,Price
DA:4,14
DA:10,14
LF:2
LH:2
BRDA:8,0,0,14
BRDA:8,0,1,0
BRF:2
BRH:1
end_of_record
TN:
SF:src\components\molecules\Footer.jsx
FN:3,Footer
FNF:1
FNH:1
FNDA:7,Footer
DA:4,7
LF:1
LH:1
BRF:0
BRH:0
end_of_record
TN:
SF:src\components\pages\Cart.jsx
FN:9,(anonymous_0)
FN:11,Cart
FN:14,(anonymous_2)
FN:15,(anonymous_3)
FN:24,(anonymous_4)
FN:78,(anonymous_5)
FN:93,(anonymous_6)
FN:101,(anonymous_7)
FN:131,(anonymous_8)
FN:142,(anonymous_9)
FN:164,(anonymous_10)
FNF:11
FNH:5
FNDA:4,(anonymous_0)
FNDA:2,Cart
FNDA:2,(anonymous_2)
FNDA:4,(anonymous_3)
FNDA:0,(anonymous_4)
FNDA:4,(anonymous_5)
FNDA:0,(anonymous_6)
FNDA:0,(anonymous_7)
FNDA:0,(anonymous_8)
FNDA:0,(anonymous_9)
FNDA:0,(anonymous_10)
DA:9,4
DA:12,2
DA:14,2
DA:15,2
DA:16,4
DA:17,4
DA:18,4
DA:22,2
DA:24,2
DA:25,0
DA:26,0
DA:28,0
DA:29,0
DA:32,0
DA:33,0
DA:34,0
DA:38,0
DA:42,0
DA:51,0
DA:58,2
DA:79,4
DA:93,0
DA:101,0
DA:131,0
DA:142,0
DA:164,0
LF:26
LH:11
BRDA:9,0,0,0
BRDA:16,1,0,4
BRDA:16,1,1,0
BRDA:17,2,0,4
BRDA:17,2,1,0
BRDA:25,3,0,0
BRDA:25,3,1,0
BRDA:26,4,0,0
BRDA:26,4,1,0
BRDA:32,5,0,0
BRDA:32,5,1,0
BRDA:32,6,0,0
BRDA:32,6,1,0
BRDA:33,7,0,0
BRDA:33,7,1,0
BRDA:36,8,0,0
BRDA:36,8,1,0
BRDA:61,9,0,0
BRDA:61,9,1,2
BRDA:92,10,0,4
BRDA:92,10,1,0
BRDA:98,11,0,4
BRDA:98,11,1,0
BRDA:127,12,0,2
BRDA:127,12,1,0
BRF:25
BRH:6
end_of_record
TN:
SF:src\components\pages\Home.jsx
FN:13,Home
FN:21,(anonymous_1)
FN:23,(anonymous_2)
FN:26,(anonymous_3)
FN:33,(anonymous_4)
FN:43,(anonymous_5)
FN:64,(anonymous_6)
FN:71,(anonymous_7)
FN:105,(anonymous_8)
FN:112,(anonymous_9)
FN:121,(anonymous_10)
FN:122,(anonymous_11)
FNF:12
FNH:7
FNDA:12,Home
FNDA:5,(anonymous_1)
FNDA:5,(anonymous_2)
FNDA:0,(anonymous_3)
FNDA:10,(anonymous_4)
FNDA:2,(anonymous_5)
FNDA:1,(anonymous_6)
FNDA:1,(anonymous_7)
FNDA:0,(anonymous_8)
FNDA:0,(anonymous_9)
FNDA:0,(anonymous_10)
FNDA:0,(anonymous_11)
DA:14,12
DA:15,12
DA:16,12
DA:17,12
DA:18,12
DA:21,12
DA:22,5
DA:24,5
DA:27,0
DA:28,0
DA:33,12
DA:34,10
DA:37,10
DA:39,10
DA:43,12
DA:44,2
DA:45,2
DA:46,1
DA:50,12
DA:64,1
DA:71,1
DA:105,0
DA:112,0
DA:121,0
DA:122,0
LF:25
LH:19
BRDA:37,0,0,10
BRDA:37,0,1,2
BRDA:39,1,0,10
BRDA:39,1,1,9
BRDA:45,2,0,1
BRDA:45,2,1,1
BRDA:101,3,0,12
BRDA:101,3,1,1
BRF:8
BRH:8
end_of_record
TN:
SF:src\components\pages\ProductDetail.jsx
FN:14,loadReviews
FN:24,persistReviews
FN:28,stars
FN:34,ProductDetail
FN:43,(anonymous_4)
FN:46,(anonymous_5)
FN:56,(anonymous_6)
FN:64,(anonymous_7)
FN:65,(anonymous_8)
FN:67,(anonymous_9)
FN:69,(anonymous_10)
FN:77,(anonymous_11)
FN:83,submitReview
FN:136,(anonymous_13)
FN:142,(anonymous_14)
FN:164,(anonymous_15)
FN:190,(anonymous_16)
FN:222,(anonymous_17)
FN:228,(anonymous_18)
FN:229,(anonymous_19)
FN:230,(anonymous_20)
FN:255,(anonymous_21)
FN:276,(anonymous_22)
FN:280,(anonymous_23)
FN:303,(anonymous_24)
FN:314,(anonymous_25)
FN:327,(anonymous_26)
FN:328,(anonymous_27)
FNF:28
FNH:15
FNDA:3,loadReviews
FNDA:0,persistReviews
FNDA:4,stars
FNDA:7,ProductDetail
FNDA:3,(anonymous_4)
FNDA:3,(anonymous_5)
FNDA:0,(anonymous_6)
FNDA:3,(anonymous_7)
FNDA:3,(anonymous_8)
FNDA:3,(anonymous_9)
FNDA:0,(anonymous_10)
FNDA:3,(anonymous_11)
FNDA:0,submitReview
FNDA:8,(anonymous_13)
FNDA:0,(anonymous_14)
FNDA:20,(anonymous_15)
FNDA:1,(anonymous_16)
FNDA:20,(anonymous_17)
FNDA:0,(anonymous_18)
FNDA:0,(anonymous_19)
FNDA:0,(anonymous_20)
FNDA:0,(anonymous_21)
FNDA:0,(anonymous_22)
FNDA:0,(anonymous_23)
FNDA:0,(anonymous_24)
FNDA:1,(anonymous_25)
FNDA:0,(anonymous_26)
FNDA:1,(anonymous_27)
DA:12,1
DA:15,3
DA:16,3
DA:17,3
DA:18,3
DA:20,0
DA:25,0
DA:29,4
DA:30,20
DA:31,4
DA:35,7
DA:36,7
DA:37,7
DA:40,7
DA:41,7
DA:43,7
DA:44,3
DA:45,3
DA:47,3
DA:50,3
DA:51,3
DA:54,3
DA:56,0
DA:61,7
DA:64,7
DA:65,7
DA:67,7
DA:68,3
DA:69,0
DA:70,0
DA:73,7
DA:74,7
DA:75,7
DA:77,7
DA:78,3
DA:79,3
DA:80,3
DA:84,0
DA:85,0
DA:86,0
DA:87,0
DA:88,0
DA:90,0
DA:91,0
DA:92,0
DA:93,0
DA:100,0
DA:101,0
DA:102,0
DA:104,0
DA:105,0
DA:106,0
DA:110,7
DA:111,3
DA:123,4
DA:137,8
DA:142,0
DA:165,20
DA:191,1
DA:192,1
DA:193,1
DA:223,20
DA:224,20
DA:228,0
DA:229,0
DA:230,0
DA:255,0
DA:277,0
DA:281,0
DA:303,0
DA:314,1
DA:327,0
DA:328,1
LF:73
LH:44
BRDA:17,0,0,0
BRDA:17,0,1,3
BRDA:18,1,0,3
BRDA:18,1,1,0
BRDA:18,2,0,3
BRDA:18,2,1,3
BRDA:25,3,0,0
BRDA:25,3,1,0
BRDA:28,4,0,0
BRDA:44,5,0,3
BRDA:44,5,1,0
BRDA:50,6,0,3
BRDA:50,6,1,3
BRDA:50,6,2,0
BRDA:65,7,0,3
BRDA:65,7,1,3
BRDA:68,8,0,3
BRDA:68,8,1,0
BRDA:69,9,0,0
BRDA:69,9,1,0
BRDA:86,10,0,0
BRDA:86,10,1,0
BRDA:87,11,0,0
BRDA:87,11,1,0
BRDA:87,12,0,0
BRDA:87,12,1,0
BRDA:87,12,2,0
BRDA:88,13,0,0
BRDA:88,13,1,0
BRDA:91,14,0,0
BRDA:91,14,1,0
BRDA:95,15,0,0
BRDA:95,15,1,0
BRDA:110,16,0,3
BRDA:110,16,1,4
BRDA:141,17,0,4
BRDA:141,17,1,4
BRDA:165,18,0,0
BRDA:165,18,1,20
BRDA:192,19,0,1
BRDA:192,19,1,0
BRDA:214,20,0,4
BRDA:214,20,1,0
BRDA:223,21,0,20
BRDA:223,21,1,20
BRDA:240,22,0,0
BRDA:240,22,1,20
BRDA:245,23,0,0
BRDA:245,23,1,4
BRDA:265,24,0,4
BRDA:265,24,1,0
BRDA:272,25,0,4
BRDA:272,25,1,0
BRDA:281,26,0,0
BRDA:281,26,1,0
BRDA:299,27,0,4
BRDA:299,27,1,1
BRF:57
BRH:25
end_of_record
TN:
SF:src\utils\cart.js
FN:5,getCart
FN:10,loadCart
FN:14,persistCart
FN:17,setCart
FN:21,addToCart
FN:23,(anonymous_5)
FN:36,removeFromCart
FN:37,(anonymous_7)
FN:42,setQtyInCart
FN:44,(anonymous_9)
FN:49,clearCart
FN:51,cartCount
FN:52,(anonymous_12)
FN:55,cartTotal
FN:56,(anonymous_14)
FNF:15
FNH:2
FNDA:0,getCart
FNDA:0,loadCart
FNDA:0,persistCart
FNDA:0,setCart
FNDA:0,addToCart
FNDA:0,(anonymous_5)
FNDA:0,removeFromCart
FNDA:0,(anonymous_7)
FNDA:0,setQtyInCart
FNDA:0,(anonymous_9)
FNDA:0,clearCart
FNDA:0,cartCount
FNDA:0,(anonymous_12)
FNDA:2,cartTotal
FNDA:4,(anonymous_14)
DA:3,1
DA:6,0
DA:7,0
DA:11,0
DA:15,0
DA:18,0
DA:22,0
DA:23,0
DA:24,0
DA:25,0
DA:32,0
DA:33,0
DA:37,0
DA:38,0
DA:39,0
DA:43,0
DA:44,0
DA:45,0
DA:46,0
DA:49,0
DA:52,0
DA:56,4
LF:22
LH:2
BRDA:6,0,0,0
BRDA:6,0,1,0
BRDA:18,1,0,0
BRDA:18,1,1,0
BRDA:24,2,0,0
BRDA:24,2,1,0
BRDA:24,3,0,0
BRDA:24,3,1,0
BRDA:29,4,0,0
BRDA:29,4,1,0
BRDA:43,5,0,0
BRDA:43,5,1,0
BRDA:44,6,0,0
BRDA:44,6,1,0
BRDA:52,7,0,0
BRDA:52,7,1,0
BRDA:52,8,0,0
BRDA:52,8,1,0
BRDA:56,9,0,2
BRDA:56,9,1,0
BRDA:56,10,0,4
BRDA:56,10,1,0
BRF:22
BRH:2
end_of_record
